C:\Users\Scott\Dropbox\Programming\CLPlayground\\Components\bin\Core-d.lib
C:\USERS\SCOTT\DROPBOX\PROGRAMMING\CLPLAYGROUND\COMPONENTS\BIN\CORE-D.LIB
C:\USERS\SCOTT\DROPBOX\PROGRAMMING\CLPLAYGROUND\COMPONENTS\TOCS\CORE\DEBUG\BINARYMANIPULATOR.OBJ
C:\USERS\SCOTT\DROPBOX\PROGRAMMING\CLPLAYGROUND\COMPONENTS\TOCS\CORE\DEBUG\CHARACTER.OBJ
C:\Users\Scott\Dropbox\Programming\CLPlayground\Components\Tocs\Core\Debug\cl.command.1.tlog
C:\Users\Scott\Dropbox\Programming\CLPlayground\Components\Tocs\Core\Debug\CL.read.1.tlog
C:\Users\Scott\Dropbox\Programming\CLPlayground\Components\Tocs\Core\Debug\CL.write.1.tlog
C:\USERS\SCOTT\DROPBOX\PROGRAMMING\CLPLAYGROUND\COMPONENTS\TOCS\CORE\DEBUG\DYNAMICBYTEBUFFER.OBJ
C:\USERS\SCOTT\DROPBOX\PROGRAMMING\CLPLAYGROUND\COMPONENTS\TOCS\CORE\DEBUG\FIXEDBYTEBUFFER.OBJ
C:\Users\Scott\Dropbox\Programming\CLPlayground\Components\Tocs\Core\Debug\lib.command.1.tlog
C:\Users\Scott\Dropbox\Programming\CLPlayground\Components\Tocs\Core\Debug\Lib-link.read.1.tlog
C:\Users\Scott\Dropbox\Programming\CLPlayground\Components\Tocs\Core\Debug\Lib-link.write.1.tlog
C:\USERS\SCOTT\DROPBOX\PROGRAMMING\CLPLAYGROUND\COMPONENTS\TOCS\CORE\DEBUG\NUMERICS.OBJ
C:\USERS\SCOTT\DROPBOX\PROGRAMMING\CLPLAYGROUND\COMPONENTS\TOCS\CORE\DEBUG\SPECIALTOKENSET.OBJ
C:\USERS\SCOTT\DROPBOX\PROGRAMMING\CLPLAYGROUND\COMPONENTS\TOCS\CORE\DEBUG\TICKER.OBJ
C:\USERS\SCOTT\DROPBOX\PROGRAMMING\CLPLAYGROUND\COMPONENTS\TOCS\CORE\DEBUG\TOKENIZER.OBJ
C:\Users\Scott\Dropbox\Programming\CLPlayground\Components\Tocs\Core\Debug\vc100.idb
C:\USERS\SCOTT\DROPBOX\PROGRAMMING\CLPLAYGROUND\COMPONENTS\TOCS\CORE\DEBUG\VC100.PDB
C:\USERS\SCOTT\DROPBOX\PROGRAMMING\THEPROJECT\GAME\COMPONENTS\BIN\CORE-D.LIB
C:\USERS\SCOTT\DROPBOX\PROGRAMMING\THEPROJECT\GAME\COMPONENTS\TOCS\CORE\DEBUG\BINARYMANIPULATOR.OBJ
C:\USERS\SCOTT\DROPBOX\PROGRAMMING\THEPROJECT\GAME\COMPONENTS\TOCS\CORE\DEBUG\CHARACTER.OBJ
C:\USERS\SCOTT\DROPBOX\PROGRAMMING\THEPROJECT\GAME\COMPONENTS\TOCS\CORE\DEBUG\DYNAMICBYTEBUFFER.OBJ
C:\USERS\SCOTT\DROPBOX\PROGRAMMING\THEPROJECT\GAME\COMPONENTS\TOCS\CORE\DEBUG\FIXEDBYTEBUFFER.OBJ
C:\USERS\SCOTT\DROPBOX\PROGRAMMING\THEPROJECT\GAME\COMPONENTS\TOCS\CORE\DEBUG\NUMERICS.OBJ
C:\USERS\SCOTT\DROPBOX\PROGRAMMING\THEPROJECT\GAME\COMPONENTS\TOCS\CORE\DEBUG\SPECIALTOKENSET.OBJ
C:\USERS\SCOTT\DROPBOX\PROGRAMMING\THEPROJECT\GAME\COMPONENTS\TOCS\CORE\DEBUG\TOKENIZER.OBJ
C:\USERS\SCOTT\DROPBOX\PROGRAMMING\THEPROJECT\GAME\COMPONENTS\TOCS\CORE\DEBUG\VC100.PDB
C:\USERS\TOCS\BOX\DROPBOX\PROGRAMMING\CLPLAYGROUND\COMPONENTS\BIN\CORE-D.LIB
C:\USERS\TOCS\BOX\DROPBOX\PROGRAMMING\CLPLAYGROUND\COMPONENTS\TOCS\CORE\DEBUG\BINARYMANIPULATOR.OBJ
C:\USERS\TOCS\BOX\DROPBOX\PROGRAMMING\CLPLAYGROUND\COMPONENTS\TOCS\CORE\DEBUG\CHARACTER.OBJ
C:\USERS\TOCS\BOX\DROPBOX\PROGRAMMING\CLPLAYGROUND\COMPONENTS\TOCS\CORE\DEBUG\DYNAMICBYTEBUFFER.OBJ
C:\USERS\TOCS\BOX\DROPBOX\PROGRAMMING\CLPLAYGROUND\COMPONENTS\TOCS\CORE\DEBUG\FIXEDBYTEBUFFER.OBJ
C:\USERS\TOCS\BOX\DROPBOX\PROGRAMMING\CLPLAYGROUND\COMPONENTS\TOCS\CORE\DEBUG\NUMERICS.OBJ
C:\USERS\TOCS\BOX\DROPBOX\PROGRAMMING\CLPLAYGROUND\COMPONENTS\TOCS\CORE\DEBUG\SPECIALTOKENSET.OBJ
C:\USERS\TOCS\BOX\DROPBOX\PROGRAMMING\CLPLAYGROUND\COMPONENTS\TOCS\CORE\DEBUG\TICKER.OBJ
C:\USERS\TOCS\BOX\DROPBOX\PROGRAMMING\CLPLAYGROUND\COMPONENTS\TOCS\CORE\DEBUG\TOKENIZER.OBJ
C:\USERS\TOCS\BOX\DROPBOX\PROGRAMMING\CLPLAYGROUND\COMPONENTS\TOCS\CORE\DEBUG\VC100.PDB
C:\USERS\TOCS\BOX\DROPBOX\PROGRAMMING\THEPROJECT\GAME\COMPONENTS\BIN\CORE-D.LIB
C:\USERS\TOCS\BOX\DROPBOX\PROGRAMMING\THEPROJECT\GAME\COMPONENTS\TOCS\CORE\DEBUG\BINARYMANIPULATOR.OBJ
C:\USERS\TOCS\BOX\DROPBOX\PROGRAMMING\THEPROJECT\GAME\COMPONENTS\TOCS\CORE\DEBUG\CHARACTER.OBJ
C:\USERS\TOCS\BOX\DROPBOX\PROGRAMMING\THEPROJECT\GAME\COMPONENTS\TOCS\CORE\DEBUG\DYNAMICBYTEBUFFER.OBJ
C:\USERS\TOCS\BOX\DROPBOX\PROGRAMMING\THEPROJECT\GAME\COMPONENTS\TOCS\CORE\DEBUG\FIXEDBYTEBUFFER.OBJ
C:\USERS\TOCS\BOX\DROPBOX\PROGRAMMING\THEPROJECT\GAME\COMPONENTS\TOCS\CORE\DEBUG\NUMERICS.OBJ
C:\USERS\TOCS\BOX\DROPBOX\PROGRAMMING\THEPROJECT\GAME\COMPONENTS\TOCS\CORE\DEBUG\SPECIALTOKENSET.OBJ
C:\USERS\TOCS\BOX\DROPBOX\PROGRAMMING\THEPROJECT\GAME\COMPONENTS\TOCS\CORE\DEBUG\TOKENIZER.OBJ
C:\USERS\TOCS\BOX\DROPBOX\PROGRAMMING\THEPROJECT\GAME\COMPONENTS\TOCS\CORE\DEBUG\VC100.PDB
