E:\PROGRAMMING\THEPROJECT\GAME\COMPONENTS\TOCS\CORE\DEBUG\BINARYMANIPULATOR.OBJ
E:\Programming\TheProject\Game\Components\Tocs\Core\Debug\cl.command.1.tlog
E:\Programming\TheProject\Game\Components\Tocs\Core\Debug\CL.read.1.tlog
E:\Programming\TheProject\Game\Components\Tocs\Core\Debug\CL.write.1.tlog
E:\Programming\TheProject\Game\Components\Tocs\Core\Debug\Core.exe.embed.manifest
E:\PROGRAMMING\THEPROJECT\GAME\COMPONENTS\TOCS\CORE\DEBUG\CORE.EXE.EMBED.MANIFEST.RES
E:\Programming\TheProject\Game\Components\Tocs\Core\Debug\Core.exe.intermediate.manifest
E:\Programming\TheProject\Game\Components\Tocs\Core\Debug\Core_manifest.rc
E:\PROGRAMMING\THEPROJECT\GAME\COMPONENTS\TOCS\CORE\DEBUG\DYNAMICBYTEBUFFER.OBJ
E:\PROGRAMMING\THEPROJECT\GAME\COMPONENTS\TOCS\CORE\DEBUG\FIXEDBYTEBUFFER.OBJ
E:\Programming\TheProject\Game\Components\Tocs\Core\Debug\link.command.1.tlog
E:\Programming\TheProject\Game\Components\Tocs\Core\Debug\link.read.1.tlog
E:\Programming\TheProject\Game\Components\Tocs\Core\Debug\link.write.1.tlog
E:\Programming\TheProject\Game\Components\Tocs\Core\Debug\link-cvtres.read.1.tlog
E:\Programming\TheProject\Game\Components\Tocs\Core\Debug\link-cvtres.write.1.tlog
E:\PROGRAMMING\THEPROJECT\GAME\COMPONENTS\TOCS\CORE\DEBUG\NUMERICS.OBJ
E:\Programming\TheProject\Game\Components\Tocs\Core\Debug\rc.command.1.tlog
E:\Programming\TheProject\Game\Components\Tocs\Core\Debug\rc.read.1.tlog
E:\Programming\TheProject\Game\Components\Tocs\Core\Debug\rc.write.1.tlog
E:\Programming\TheProject\Game\Components\Tocs\Core\Debug\vc100.idb
E:\PROGRAMMING\THEPROJECT\GAME\COMPONENTS\TOCS\CORE\DEBUG\VC100.PDB
E:\Programming\TheProject\Game\Debug\Core.pdb
