Build started 3/26/2013 12:11:56 PM.
     1>Project "C:\Users\Scott\Dropbox\Programming\CLPlayground\Components\Tocs\Core\Core.vcxproj" on node 2 (build target(s)).
     1>InitializeBuildStatus:
         Creating "Debug\Core.unsuccessfulbuild" because "AlwaysCreate" was specified.
       ClCompile:
         All outputs are up-to-date.
       Lib:
         C:\Program Files (x86)\Microsoft Visual Studio 10.0\VC\bin\Lib.exe /OUT:"C:\Users\Scott\Dropbox\Programming\CLPlayground\\Components\bin\Core-d.lib" /NOLOGO Debug\BinaryManipulator.obj
         Debug\Character.obj
         Debug\DynamicByteBuffer.obj
         Debug\FixedByteBuffer.obj
         Debug\Numerics.obj
         Debug\SpecialTokenSet.obj
         Debug\Ticker.obj
         Debug\Tokenizer.obj
         Core.vcxproj -> C:\Users\Scott\Dropbox\Programming\CLPlayground\\Components\bin\Core-d.lib
       FinalizeBuildStatus:
         Deleting file "Debug\Core.unsuccessfulbuild".
         Touching "Debug\Core.lastbuildstate".
     1>Done Building Project "C:\Users\Scott\Dropbox\Programming\CLPlayground\Components\Tocs\Core\Core.vcxproj" (build target(s)).

Build succeeded.

Time Elapsed 00:00:00.48
