C:\USERS\SCOTT\DROPBOX\PROGRAMMING\CLPLAYGROUND\DEBUG\LIQUIDVOLUMERENDER.EXE
C:\USERS\SCOTT\DROPBOX\PROGRAMMING\CLPLAYGROUND\DEBUG\LIQUIDVOLUMERENDER.ILK
C:\USERS\SCOTT\DROPBOX\PROGRAMMING\CLPLAYGROUND\DEBUG\LIQUIDVOLUMERENDER.PDB
C:\Users\Scott\Dropbox\Programming\CLPlayground\LiquidVolumeRender\Debug\cl.command.1.tlog
C:\Users\Scott\Dropbox\Programming\CLPlayground\LiquidVolumeRender\Debug\CL.read.1.tlog
C:\Users\Scott\Dropbox\Programming\CLPlayground\LiquidVolumeRender\Debug\CL.write.1.tlog
C:\USERS\SCOTT\DROPBOX\PROGRAMMING\CLPLAYGROUND\LIQUIDVOLUMERENDER\DEBUG\FLUIDFIELD.OBJ
C:\USERS\SCOTT\DROPBOX\PROGRAMMING\CLPLAYGROUND\LIQUIDVOLUMERENDER\DEBUG\FLUIDFIELD2D.OBJ
C:\Users\Scott\Dropbox\Programming\CLPlayground\LiquidVolumeRender\Debug\link.1228.read.1.tlog
C:\Users\Scott\Dropbox\Programming\CLPlayground\LiquidVolumeRender\Debug\link.1228.read.2.tlog
C:\Users\Scott\Dropbox\Programming\CLPlayground\LiquidVolumeRender\Debug\link.1228.write.1.tlog
C:\Users\Scott\Dropbox\Programming\CLPlayground\LiquidVolumeRender\Debug\link.1228-cvtres.read.1.tlog
C:\Users\Scott\Dropbox\Programming\CLPlayground\LiquidVolumeRender\Debug\link.1228-cvtres.write.1.tlog
C:\Users\Scott\Dropbox\Programming\CLPlayground\LiquidVolumeRender\Debug\link.1240.read.1.tlog
C:\Users\Scott\Dropbox\Programming\CLPlayground\LiquidVolumeRender\Debug\link.1240.read.2.tlog
C:\Users\Scott\Dropbox\Programming\CLPlayground\LiquidVolumeRender\Debug\link.1240.write.1.tlog
C:\Users\Scott\Dropbox\Programming\CLPlayground\LiquidVolumeRender\Debug\link.1240-cvtres.read.1.tlog
C:\Users\Scott\Dropbox\Programming\CLPlayground\LiquidVolumeRender\Debug\link.1240-cvtres.write.1.tlog
C:\Users\Scott\Dropbox\Programming\CLPlayground\LiquidVolumeRender\Debug\link.1284.read.1.tlog
C:\Users\Scott\Dropbox\Programming\CLPlayground\LiquidVolumeRender\Debug\link.1284.write.1.tlog
C:\Users\Scott\Dropbox\Programming\CLPlayground\LiquidVolumeRender\Debug\link.1284-cvtres.read.1.tlog
C:\Users\Scott\Dropbox\Programming\CLPlayground\LiquidVolumeRender\Debug\link.1284-cvtres.write.1.tlog
C:\Users\Scott\Dropbox\Programming\CLPlayground\LiquidVolumeRender\Debug\link.1312.read.1.tlog
C:\Users\Scott\Dropbox\Programming\CLPlayground\LiquidVolumeRender\Debug\link.1312.write.1.tlog
C:\Users\Scott\Dropbox\Programming\CLPlayground\LiquidVolumeRender\Debug\link.1312-cvtres.read.1.tlog
C:\Users\Scott\Dropbox\Programming\CLPlayground\LiquidVolumeRender\Debug\link.1312-cvtres.write.1.tlog
C:\Users\Scott\Dropbox\Programming\CLPlayground\LiquidVolumeRender\Debug\link.1824.read.1.tlog
C:\Users\Scott\Dropbox\Programming\CLPlayground\LiquidVolumeRender\Debug\link.1824.read.2.tlog
C:\Users\Scott\Dropbox\Programming\CLPlayground\LiquidVolumeRender\Debug\link.1824.write.1.tlog
C:\Users\Scott\Dropbox\Programming\CLPlayground\LiquidVolumeRender\Debug\link.1824-cvtres.read.1.tlog
C:\Users\Scott\Dropbox\Programming\CLPlayground\LiquidVolumeRender\Debug\link.1824-cvtres.write.1.tlog
C:\Users\Scott\Dropbox\Programming\CLPlayground\LiquidVolumeRender\Debug\link.2012.read.1.tlog
C:\Users\Scott\Dropbox\Programming\CLPlayground\LiquidVolumeRender\Debug\link.2012.write.1.tlog
C:\Users\Scott\Dropbox\Programming\CLPlayground\LiquidVolumeRender\Debug\link.2012-cvtres.read.1.tlog
C:\Users\Scott\Dropbox\Programming\CLPlayground\LiquidVolumeRender\Debug\link.2012-cvtres.write.1.tlog
C:\Users\Scott\Dropbox\Programming\CLPlayground\LiquidVolumeRender\Debug\link.2104.read.1.tlog
C:\Users\Scott\Dropbox\Programming\CLPlayground\LiquidVolumeRender\Debug\link.2104.read.2.tlog
C:\Users\Scott\Dropbox\Programming\CLPlayground\LiquidVolumeRender\Debug\link.2104.write.1.tlog
C:\Users\Scott\Dropbox\Programming\CLPlayground\LiquidVolumeRender\Debug\link.2104-cvtres.read.1.tlog
C:\Users\Scott\Dropbox\Programming\CLPlayground\LiquidVolumeRender\Debug\link.2104-cvtres.write.1.tlog
C:\Users\Scott\Dropbox\Programming\CLPlayground\LiquidVolumeRender\Debug\link.2164.read.1.tlog
C:\Users\Scott\Dropbox\Programming\CLPlayground\LiquidVolumeRender\Debug\link.2164.write.1.tlog
C:\Users\Scott\Dropbox\Programming\CLPlayground\LiquidVolumeRender\Debug\link.2164-cvtres.read.1.tlog
C:\Users\Scott\Dropbox\Programming\CLPlayground\LiquidVolumeRender\Debug\link.2164-cvtres.write.1.tlog
C:\Users\Scott\Dropbox\Programming\CLPlayground\LiquidVolumeRender\Debug\link.2712.read.1.tlog
C:\Users\Scott\Dropbox\Programming\CLPlayground\LiquidVolumeRender\Debug\link.2712.read.2.tlog
C:\Users\Scott\Dropbox\Programming\CLPlayground\LiquidVolumeRender\Debug\link.2712.write.1.tlog
C:\Users\Scott\Dropbox\Programming\CLPlayground\LiquidVolumeRender\Debug\link.2712-cvtres.read.1.tlog
C:\Users\Scott\Dropbox\Programming\CLPlayground\LiquidVolumeRender\Debug\link.2712-cvtres.write.1.tlog
C:\Users\Scott\Dropbox\Programming\CLPlayground\LiquidVolumeRender\Debug\link.280.read.1.tlog
C:\Users\Scott\Dropbox\Programming\CLPlayground\LiquidVolumeRender\Debug\link.280.read.2.tlog
C:\Users\Scott\Dropbox\Programming\CLPlayground\LiquidVolumeRender\Debug\link.280.write.1.tlog
C:\Users\Scott\Dropbox\Programming\CLPlayground\LiquidVolumeRender\Debug\link.280-cvtres.read.1.tlog
C:\Users\Scott\Dropbox\Programming\CLPlayground\LiquidVolumeRender\Debug\link.280-cvtres.write.1.tlog
C:\Users\Scott\Dropbox\Programming\CLPlayground\LiquidVolumeRender\Debug\link.2872.read.1.tlog
C:\Users\Scott\Dropbox\Programming\CLPlayground\LiquidVolumeRender\Debug\link.2872.write.1.tlog
C:\Users\Scott\Dropbox\Programming\CLPlayground\LiquidVolumeRender\Debug\link.2872-cvtres.read.1.tlog
C:\Users\Scott\Dropbox\Programming\CLPlayground\LiquidVolumeRender\Debug\link.2872-cvtres.write.1.tlog
C:\Users\Scott\Dropbox\Programming\CLPlayground\LiquidVolumeRender\Debug\link.3060.read.1.tlog
C:\Users\Scott\Dropbox\Programming\CLPlayground\LiquidVolumeRender\Debug\link.3060.read.2.tlog
C:\Users\Scott\Dropbox\Programming\CLPlayground\LiquidVolumeRender\Debug\link.3060.write.1.tlog
C:\Users\Scott\Dropbox\Programming\CLPlayground\LiquidVolumeRender\Debug\link.3060-cvtres.read.1.tlog
C:\Users\Scott\Dropbox\Programming\CLPlayground\LiquidVolumeRender\Debug\link.3060-cvtres.write.1.tlog
C:\Users\Scott\Dropbox\Programming\CLPlayground\LiquidVolumeRender\Debug\link.3080.read.1.tlog
C:\Users\Scott\Dropbox\Programming\CLPlayground\LiquidVolumeRender\Debug\link.3080.read.2.tlog
C:\Users\Scott\Dropbox\Programming\CLPlayground\LiquidVolumeRender\Debug\link.3080.write.1.tlog
C:\Users\Scott\Dropbox\Programming\CLPlayground\LiquidVolumeRender\Debug\link.3080-cvtres.read.1.tlog
C:\Users\Scott\Dropbox\Programming\CLPlayground\LiquidVolumeRender\Debug\link.3080-cvtres.write.1.tlog
C:\Users\Scott\Dropbox\Programming\CLPlayground\LiquidVolumeRender\Debug\link.3272.read.1.tlog
C:\Users\Scott\Dropbox\Programming\CLPlayground\LiquidVolumeRender\Debug\link.3272.read.2.tlog
C:\Users\Scott\Dropbox\Programming\CLPlayground\LiquidVolumeRender\Debug\link.3272.write.1.tlog
C:\Users\Scott\Dropbox\Programming\CLPlayground\LiquidVolumeRender\Debug\link.3272-cvtres.read.1.tlog
C:\Users\Scott\Dropbox\Programming\CLPlayground\LiquidVolumeRender\Debug\link.3272-cvtres.write.1.tlog
C:\Users\Scott\Dropbox\Programming\CLPlayground\LiquidVolumeRender\Debug\link.3320.read.1.tlog
C:\Users\Scott\Dropbox\Programming\CLPlayground\LiquidVolumeRender\Debug\link.3320.write.1.tlog
C:\Users\Scott\Dropbox\Programming\CLPlayground\LiquidVolumeRender\Debug\link.3320-cvtres.read.1.tlog
C:\Users\Scott\Dropbox\Programming\CLPlayground\LiquidVolumeRender\Debug\link.3320-cvtres.write.1.tlog
C:\Users\Scott\Dropbox\Programming\CLPlayground\LiquidVolumeRender\Debug\link.3472.read.1.tlog
C:\Users\Scott\Dropbox\Programming\CLPlayground\LiquidVolumeRender\Debug\link.3472.read.2.tlog
C:\Users\Scott\Dropbox\Programming\CLPlayground\LiquidVolumeRender\Debug\link.3472.write.1.tlog
C:\Users\Scott\Dropbox\Programming\CLPlayground\LiquidVolumeRender\Debug\link.3472-cvtres.read.1.tlog
C:\Users\Scott\Dropbox\Programming\CLPlayground\LiquidVolumeRender\Debug\link.3472-cvtres.write.1.tlog
C:\Users\Scott\Dropbox\Programming\CLPlayground\LiquidVolumeRender\Debug\link.3836.read.1.tlog
C:\Users\Scott\Dropbox\Programming\CLPlayground\LiquidVolumeRender\Debug\link.3836.read.2.tlog
C:\Users\Scott\Dropbox\Programming\CLPlayground\LiquidVolumeRender\Debug\link.3836.write.1.tlog
C:\Users\Scott\Dropbox\Programming\CLPlayground\LiquidVolumeRender\Debug\link.3836-cvtres.read.1.tlog
C:\Users\Scott\Dropbox\Programming\CLPlayground\LiquidVolumeRender\Debug\link.3836-cvtres.write.1.tlog
C:\Users\Scott\Dropbox\Programming\CLPlayground\LiquidVolumeRender\Debug\link.3876.read.1.tlog
C:\Users\Scott\Dropbox\Programming\CLPlayground\LiquidVolumeRender\Debug\link.3876.write.1.tlog
C:\Users\Scott\Dropbox\Programming\CLPlayground\LiquidVolumeRender\Debug\link.3876-cvtres.read.1.tlog
C:\Users\Scott\Dropbox\Programming\CLPlayground\LiquidVolumeRender\Debug\link.3876-cvtres.write.1.tlog
C:\Users\Scott\Dropbox\Programming\CLPlayground\LiquidVolumeRender\Debug\link.4044.read.1.tlog
C:\Users\Scott\Dropbox\Programming\CLPlayground\LiquidVolumeRender\Debug\link.4044.write.1.tlog
C:\Users\Scott\Dropbox\Programming\CLPlayground\LiquidVolumeRender\Debug\link.4044-cvtres.read.1.tlog
C:\Users\Scott\Dropbox\Programming\CLPlayground\LiquidVolumeRender\Debug\link.4044-cvtres.write.1.tlog
C:\Users\Scott\Dropbox\Programming\CLPlayground\LiquidVolumeRender\Debug\link.4144.read.1.tlog
C:\Users\Scott\Dropbox\Programming\CLPlayground\LiquidVolumeRender\Debug\link.4144.read.2.tlog
C:\Users\Scott\Dropbox\Programming\CLPlayground\LiquidVolumeRender\Debug\link.4144.write.1.tlog
C:\Users\Scott\Dropbox\Programming\CLPlayground\LiquidVolumeRender\Debug\link.4144-cvtres.read.1.tlog
C:\Users\Scott\Dropbox\Programming\CLPlayground\LiquidVolumeRender\Debug\link.4144-cvtres.write.1.tlog
C:\Users\Scott\Dropbox\Programming\CLPlayground\LiquidVolumeRender\Debug\link.4224.read.1.tlog
C:\Users\Scott\Dropbox\Programming\CLPlayground\LiquidVolumeRender\Debug\link.4224.read.2.tlog
C:\Users\Scott\Dropbox\Programming\CLPlayground\LiquidVolumeRender\Debug\link.4224.write.1.tlog
C:\Users\Scott\Dropbox\Programming\CLPlayground\LiquidVolumeRender\Debug\link.4224-cvtres.read.1.tlog
C:\Users\Scott\Dropbox\Programming\CLPlayground\LiquidVolumeRender\Debug\link.4224-cvtres.write.1.tlog
C:\Users\Scott\Dropbox\Programming\CLPlayground\LiquidVolumeRender\Debug\link.4236.read.1.tlog
C:\Users\Scott\Dropbox\Programming\CLPlayground\LiquidVolumeRender\Debug\link.4236.read.2.tlog
C:\Users\Scott\Dropbox\Programming\CLPlayground\LiquidVolumeRender\Debug\link.4236.write.1.tlog
C:\Users\Scott\Dropbox\Programming\CLPlayground\LiquidVolumeRender\Debug\link.4236-cvtres.read.1.tlog
C:\Users\Scott\Dropbox\Programming\CLPlayground\LiquidVolumeRender\Debug\link.4236-cvtres.write.1.tlog
C:\Users\Scott\Dropbox\Programming\CLPlayground\LiquidVolumeRender\Debug\link.4292.read.1.tlog
C:\Users\Scott\Dropbox\Programming\CLPlayground\LiquidVolumeRender\Debug\link.4292.write.1.tlog
C:\Users\Scott\Dropbox\Programming\CLPlayground\LiquidVolumeRender\Debug\link.4292-cvtres.read.1.tlog
C:\Users\Scott\Dropbox\Programming\CLPlayground\LiquidVolumeRender\Debug\link.4292-cvtres.write.1.tlog
C:\Users\Scott\Dropbox\Programming\CLPlayground\LiquidVolumeRender\Debug\link.4392.read.1.tlog
C:\Users\Scott\Dropbox\Programming\CLPlayground\LiquidVolumeRender\Debug\link.4392.write.1.tlog
C:\Users\Scott\Dropbox\Programming\CLPlayground\LiquidVolumeRender\Debug\link.4392-cvtres.read.1.tlog
C:\Users\Scott\Dropbox\Programming\CLPlayground\LiquidVolumeRender\Debug\link.4392-cvtres.write.1.tlog
C:\Users\Scott\Dropbox\Programming\CLPlayground\LiquidVolumeRender\Debug\link.4496.read.1.tlog
C:\Users\Scott\Dropbox\Programming\CLPlayground\LiquidVolumeRender\Debug\link.4496.read.2.tlog
C:\Users\Scott\Dropbox\Programming\CLPlayground\LiquidVolumeRender\Debug\link.4496.write.1.tlog
C:\Users\Scott\Dropbox\Programming\CLPlayground\LiquidVolumeRender\Debug\link.4496-cvtres.read.1.tlog
C:\Users\Scott\Dropbox\Programming\CLPlayground\LiquidVolumeRender\Debug\link.4496-cvtres.write.1.tlog
C:\Users\Scott\Dropbox\Programming\CLPlayground\LiquidVolumeRender\Debug\link.4592.read.1.tlog
C:\Users\Scott\Dropbox\Programming\CLPlayground\LiquidVolumeRender\Debug\link.4592.write.1.tlog
C:\Users\Scott\Dropbox\Programming\CLPlayground\LiquidVolumeRender\Debug\link.4592-cvtres.read.1.tlog
C:\Users\Scott\Dropbox\Programming\CLPlayground\LiquidVolumeRender\Debug\link.4592-cvtres.write.1.tlog
C:\Users\Scott\Dropbox\Programming\CLPlayground\LiquidVolumeRender\Debug\link.4624.read.1.tlog
C:\Users\Scott\Dropbox\Programming\CLPlayground\LiquidVolumeRender\Debug\link.4624.write.1.tlog
C:\Users\Scott\Dropbox\Programming\CLPlayground\LiquidVolumeRender\Debug\link.4624-cvtres.read.1.tlog
C:\Users\Scott\Dropbox\Programming\CLPlayground\LiquidVolumeRender\Debug\link.4624-cvtres.write.1.tlog
C:\Users\Scott\Dropbox\Programming\CLPlayground\LiquidVolumeRender\Debug\link.4780.read.1.tlog
C:\Users\Scott\Dropbox\Programming\CLPlayground\LiquidVolumeRender\Debug\link.4780.read.2.tlog
C:\Users\Scott\Dropbox\Programming\CLPlayground\LiquidVolumeRender\Debug\link.4780.write.1.tlog
C:\Users\Scott\Dropbox\Programming\CLPlayground\LiquidVolumeRender\Debug\link.4780-cvtres.read.1.tlog
C:\Users\Scott\Dropbox\Programming\CLPlayground\LiquidVolumeRender\Debug\link.4780-cvtres.write.1.tlog
C:\Users\Scott\Dropbox\Programming\CLPlayground\LiquidVolumeRender\Debug\link.4788.read.1.tlog
C:\Users\Scott\Dropbox\Programming\CLPlayground\LiquidVolumeRender\Debug\link.4788.write.1.tlog
C:\Users\Scott\Dropbox\Programming\CLPlayground\LiquidVolumeRender\Debug\link.4788-cvtres.read.1.tlog
C:\Users\Scott\Dropbox\Programming\CLPlayground\LiquidVolumeRender\Debug\link.4788-cvtres.write.1.tlog
C:\Users\Scott\Dropbox\Programming\CLPlayground\LiquidVolumeRender\Debug\link.4800.read.1.tlog
C:\Users\Scott\Dropbox\Programming\CLPlayground\LiquidVolumeRender\Debug\link.4800.read.2.tlog
C:\Users\Scott\Dropbox\Programming\CLPlayground\LiquidVolumeRender\Debug\link.4800.write.1.tlog
C:\Users\Scott\Dropbox\Programming\CLPlayground\LiquidVolumeRender\Debug\link.4800-cvtres.read.1.tlog
C:\Users\Scott\Dropbox\Programming\CLPlayground\LiquidVolumeRender\Debug\link.4800-cvtres.write.1.tlog
C:\Users\Scott\Dropbox\Programming\CLPlayground\LiquidVolumeRender\Debug\link.4864.read.1.tlog
C:\Users\Scott\Dropbox\Programming\CLPlayground\LiquidVolumeRender\Debug\link.4864.write.1.tlog
C:\Users\Scott\Dropbox\Programming\CLPlayground\LiquidVolumeRender\Debug\link.4864-cvtres.read.1.tlog
C:\Users\Scott\Dropbox\Programming\CLPlayground\LiquidVolumeRender\Debug\link.4864-cvtres.write.1.tlog
C:\Users\Scott\Dropbox\Programming\CLPlayground\LiquidVolumeRender\Debug\link.4872.read.1.tlog
C:\Users\Scott\Dropbox\Programming\CLPlayground\LiquidVolumeRender\Debug\link.4872.write.1.tlog
C:\Users\Scott\Dropbox\Programming\CLPlayground\LiquidVolumeRender\Debug\link.4872-cvtres.read.1.tlog
C:\Users\Scott\Dropbox\Programming\CLPlayground\LiquidVolumeRender\Debug\link.4872-cvtres.write.1.tlog
C:\Users\Scott\Dropbox\Programming\CLPlayground\LiquidVolumeRender\Debug\link.4912.read.1.tlog
C:\Users\Scott\Dropbox\Programming\CLPlayground\LiquidVolumeRender\Debug\link.4912.read.2.tlog
C:\Users\Scott\Dropbox\Programming\CLPlayground\LiquidVolumeRender\Debug\link.4912.write.1.tlog
C:\Users\Scott\Dropbox\Programming\CLPlayground\LiquidVolumeRender\Debug\link.4912-cvtres.read.1.tlog
C:\Users\Scott\Dropbox\Programming\CLPlayground\LiquidVolumeRender\Debug\link.4912-cvtres.write.1.tlog
C:\Users\Scott\Dropbox\Programming\CLPlayground\LiquidVolumeRender\Debug\link.4924.read.1.tlog
C:\Users\Scott\Dropbox\Programming\CLPlayground\LiquidVolumeRender\Debug\link.4924.read.2.tlog
C:\Users\Scott\Dropbox\Programming\CLPlayground\LiquidVolumeRender\Debug\link.4924.write.1.tlog
C:\Users\Scott\Dropbox\Programming\CLPlayground\LiquidVolumeRender\Debug\link.4924-cvtres.read.1.tlog
C:\Users\Scott\Dropbox\Programming\CLPlayground\LiquidVolumeRender\Debug\link.4924-cvtres.write.1.tlog
C:\Users\Scott\Dropbox\Programming\CLPlayground\LiquidVolumeRender\Debug\link.4956.read.1.tlog
C:\Users\Scott\Dropbox\Programming\CLPlayground\LiquidVolumeRender\Debug\link.4956.read.2.tlog
C:\Users\Scott\Dropbox\Programming\CLPlayground\LiquidVolumeRender\Debug\link.4956.write.1.tlog
C:\Users\Scott\Dropbox\Programming\CLPlayground\LiquidVolumeRender\Debug\link.4956-cvtres.read.1.tlog
C:\Users\Scott\Dropbox\Programming\CLPlayground\LiquidVolumeRender\Debug\link.4956-cvtres.write.1.tlog
C:\Users\Scott\Dropbox\Programming\CLPlayground\LiquidVolumeRender\Debug\link.5020.read.1.tlog
C:\Users\Scott\Dropbox\Programming\CLPlayground\LiquidVolumeRender\Debug\link.5020.read.2.tlog
C:\Users\Scott\Dropbox\Programming\CLPlayground\LiquidVolumeRender\Debug\link.5020.write.1.tlog
C:\Users\Scott\Dropbox\Programming\CLPlayground\LiquidVolumeRender\Debug\link.5020-cvtres.read.1.tlog
C:\Users\Scott\Dropbox\Programming\CLPlayground\LiquidVolumeRender\Debug\link.5020-cvtres.write.1.tlog
C:\Users\Scott\Dropbox\Programming\CLPlayground\LiquidVolumeRender\Debug\link.5088.read.1.tlog
C:\Users\Scott\Dropbox\Programming\CLPlayground\LiquidVolumeRender\Debug\link.5088.read.2.tlog
C:\Users\Scott\Dropbox\Programming\CLPlayground\LiquidVolumeRender\Debug\link.5088.write.1.tlog
C:\Users\Scott\Dropbox\Programming\CLPlayground\LiquidVolumeRender\Debug\link.5088-cvtres.read.1.tlog
C:\Users\Scott\Dropbox\Programming\CLPlayground\LiquidVolumeRender\Debug\link.5088-cvtres.write.1.tlog
C:\Users\Scott\Dropbox\Programming\CLPlayground\LiquidVolumeRender\Debug\link.5248.read.1.tlog
C:\Users\Scott\Dropbox\Programming\CLPlayground\LiquidVolumeRender\Debug\link.5248.read.2.tlog
C:\Users\Scott\Dropbox\Programming\CLPlayground\LiquidVolumeRender\Debug\link.5248.write.1.tlog
C:\Users\Scott\Dropbox\Programming\CLPlayground\LiquidVolumeRender\Debug\link.5248-cvtres.read.1.tlog
C:\Users\Scott\Dropbox\Programming\CLPlayground\LiquidVolumeRender\Debug\link.5248-cvtres.write.1.tlog
C:\Users\Scott\Dropbox\Programming\CLPlayground\LiquidVolumeRender\Debug\link.5336.read.1.tlog
C:\Users\Scott\Dropbox\Programming\CLPlayground\LiquidVolumeRender\Debug\link.5336.read.2.tlog
C:\Users\Scott\Dropbox\Programming\CLPlayground\LiquidVolumeRender\Debug\link.5336.write.1.tlog
C:\Users\Scott\Dropbox\Programming\CLPlayground\LiquidVolumeRender\Debug\link.5336-cvtres.read.1.tlog
C:\Users\Scott\Dropbox\Programming\CLPlayground\LiquidVolumeRender\Debug\link.5336-cvtres.write.1.tlog
C:\Users\Scott\Dropbox\Programming\CLPlayground\LiquidVolumeRender\Debug\link.5376.read.1.tlog
C:\Users\Scott\Dropbox\Programming\CLPlayground\LiquidVolumeRender\Debug\link.5376.write.1.tlog
C:\Users\Scott\Dropbox\Programming\CLPlayground\LiquidVolumeRender\Debug\link.5376-cvtres.read.1.tlog
C:\Users\Scott\Dropbox\Programming\CLPlayground\LiquidVolumeRender\Debug\link.5376-cvtres.write.1.tlog
C:\Users\Scott\Dropbox\Programming\CLPlayground\LiquidVolumeRender\Debug\link.5452.read.1.tlog
C:\Users\Scott\Dropbox\Programming\CLPlayground\LiquidVolumeRender\Debug\link.5452.read.2.tlog
C:\Users\Scott\Dropbox\Programming\CLPlayground\LiquidVolumeRender\Debug\link.5452.write.1.tlog
C:\Users\Scott\Dropbox\Programming\CLPlayground\LiquidVolumeRender\Debug\link.5452-cvtres.read.1.tlog
C:\Users\Scott\Dropbox\Programming\CLPlayground\LiquidVolumeRender\Debug\link.5452-cvtres.write.1.tlog
C:\Users\Scott\Dropbox\Programming\CLPlayground\LiquidVolumeRender\Debug\link.5552.read.1.tlog
C:\Users\Scott\Dropbox\Programming\CLPlayground\LiquidVolumeRender\Debug\link.5552.read.2.tlog
C:\Users\Scott\Dropbox\Programming\CLPlayground\LiquidVolumeRender\Debug\link.5552.write.1.tlog
C:\Users\Scott\Dropbox\Programming\CLPlayground\LiquidVolumeRender\Debug\link.5552-cvtres.read.1.tlog
C:\Users\Scott\Dropbox\Programming\CLPlayground\LiquidVolumeRender\Debug\link.5552-cvtres.write.1.tlog
C:\Users\Scott\Dropbox\Programming\CLPlayground\LiquidVolumeRender\Debug\link.5624.read.1.tlog
C:\Users\Scott\Dropbox\Programming\CLPlayground\LiquidVolumeRender\Debug\link.5624.write.1.tlog
C:\Users\Scott\Dropbox\Programming\CLPlayground\LiquidVolumeRender\Debug\link.5624-cvtres.read.1.tlog
C:\Users\Scott\Dropbox\Programming\CLPlayground\LiquidVolumeRender\Debug\link.5624-cvtres.write.1.tlog
C:\Users\Scott\Dropbox\Programming\CLPlayground\LiquidVolumeRender\Debug\link.5652.read.1.tlog
C:\Users\Scott\Dropbox\Programming\CLPlayground\LiquidVolumeRender\Debug\link.5652.read.2.tlog
C:\Users\Scott\Dropbox\Programming\CLPlayground\LiquidVolumeRender\Debug\link.5652.write.1.tlog
C:\Users\Scott\Dropbox\Programming\CLPlayground\LiquidVolumeRender\Debug\link.5652-cvtres.read.1.tlog
C:\Users\Scott\Dropbox\Programming\CLPlayground\LiquidVolumeRender\Debug\link.5652-cvtres.write.1.tlog
C:\Users\Scott\Dropbox\Programming\CLPlayground\LiquidVolumeRender\Debug\link.5680.read.1.tlog
C:\Users\Scott\Dropbox\Programming\CLPlayground\LiquidVolumeRender\Debug\link.5680.read.2.tlog
C:\Users\Scott\Dropbox\Programming\CLPlayground\LiquidVolumeRender\Debug\link.5680.write.1.tlog
C:\Users\Scott\Dropbox\Programming\CLPlayground\LiquidVolumeRender\Debug\link.5680-cvtres.read.1.tlog
C:\Users\Scott\Dropbox\Programming\CLPlayground\LiquidVolumeRender\Debug\link.5680-cvtres.write.1.tlog
C:\Users\Scott\Dropbox\Programming\CLPlayground\LiquidVolumeRender\Debug\link.5712.read.1.tlog
C:\Users\Scott\Dropbox\Programming\CLPlayground\LiquidVolumeRender\Debug\link.5712.write.1.tlog
C:\Users\Scott\Dropbox\Programming\CLPlayground\LiquidVolumeRender\Debug\link.5712-cvtres.read.1.tlog
C:\Users\Scott\Dropbox\Programming\CLPlayground\LiquidVolumeRender\Debug\link.5712-cvtres.write.1.tlog
C:\Users\Scott\Dropbox\Programming\CLPlayground\LiquidVolumeRender\Debug\link.5748.read.1.tlog
C:\Users\Scott\Dropbox\Programming\CLPlayground\LiquidVolumeRender\Debug\link.5748.read.2.tlog
C:\Users\Scott\Dropbox\Programming\CLPlayground\LiquidVolumeRender\Debug\link.5748.write.1.tlog
C:\Users\Scott\Dropbox\Programming\CLPlayground\LiquidVolumeRender\Debug\link.5748-cvtres.read.1.tlog
C:\Users\Scott\Dropbox\Programming\CLPlayground\LiquidVolumeRender\Debug\link.5748-cvtres.write.1.tlog
C:\Users\Scott\Dropbox\Programming\CLPlayground\LiquidVolumeRender\Debug\link.5812.read.1.tlog
C:\Users\Scott\Dropbox\Programming\CLPlayground\LiquidVolumeRender\Debug\link.5812.read.2.tlog
C:\Users\Scott\Dropbox\Programming\CLPlayground\LiquidVolumeRender\Debug\link.5812.write.1.tlog
C:\Users\Scott\Dropbox\Programming\CLPlayground\LiquidVolumeRender\Debug\link.5812-cvtres.read.1.tlog
C:\Users\Scott\Dropbox\Programming\CLPlayground\LiquidVolumeRender\Debug\link.5812-cvtres.write.1.tlog
C:\Users\Scott\Dropbox\Programming\CLPlayground\LiquidVolumeRender\Debug\link.5876.read.1.tlog
C:\Users\Scott\Dropbox\Programming\CLPlayground\LiquidVolumeRender\Debug\link.5876.write.1.tlog
C:\Users\Scott\Dropbox\Programming\CLPlayground\LiquidVolumeRender\Debug\link.5876-cvtres.read.1.tlog
C:\Users\Scott\Dropbox\Programming\CLPlayground\LiquidVolumeRender\Debug\link.5876-cvtres.write.1.tlog
C:\Users\Scott\Dropbox\Programming\CLPlayground\LiquidVolumeRender\Debug\link.5924.read.1.tlog
C:\Users\Scott\Dropbox\Programming\CLPlayground\LiquidVolumeRender\Debug\link.5924.read.2.tlog
C:\Users\Scott\Dropbox\Programming\CLPlayground\LiquidVolumeRender\Debug\link.5924.write.1.tlog
C:\Users\Scott\Dropbox\Programming\CLPlayground\LiquidVolumeRender\Debug\link.5924-cvtres.read.1.tlog
C:\Users\Scott\Dropbox\Programming\CLPlayground\LiquidVolumeRender\Debug\link.5924-cvtres.write.1.tlog
C:\Users\Scott\Dropbox\Programming\CLPlayground\LiquidVolumeRender\Debug\link.6104.read.1.tlog
C:\Users\Scott\Dropbox\Programming\CLPlayground\LiquidVolumeRender\Debug\link.6104.read.2.tlog
C:\Users\Scott\Dropbox\Programming\CLPlayground\LiquidVolumeRender\Debug\link.6104.write.1.tlog
C:\Users\Scott\Dropbox\Programming\CLPlayground\LiquidVolumeRender\Debug\link.6104-cvtres.read.1.tlog
C:\Users\Scott\Dropbox\Programming\CLPlayground\LiquidVolumeRender\Debug\link.6104-cvtres.write.1.tlog
C:\Users\Scott\Dropbox\Programming\CLPlayground\LiquidVolumeRender\Debug\link.6156.read.1.tlog
C:\Users\Scott\Dropbox\Programming\CLPlayground\LiquidVolumeRender\Debug\link.6156.read.2.tlog
C:\Users\Scott\Dropbox\Programming\CLPlayground\LiquidVolumeRender\Debug\link.6156.write.1.tlog
C:\Users\Scott\Dropbox\Programming\CLPlayground\LiquidVolumeRender\Debug\link.6156-cvtres.read.1.tlog
C:\Users\Scott\Dropbox\Programming\CLPlayground\LiquidVolumeRender\Debug\link.6156-cvtres.write.1.tlog
C:\Users\Scott\Dropbox\Programming\CLPlayground\LiquidVolumeRender\Debug\link.6160.read.1.tlog
C:\Users\Scott\Dropbox\Programming\CLPlayground\LiquidVolumeRender\Debug\link.6160.write.1.tlog
C:\Users\Scott\Dropbox\Programming\CLPlayground\LiquidVolumeRender\Debug\link.6160-cvtres.read.1.tlog
C:\Users\Scott\Dropbox\Programming\CLPlayground\LiquidVolumeRender\Debug\link.6160-cvtres.write.1.tlog
C:\Users\Scott\Dropbox\Programming\CLPlayground\LiquidVolumeRender\Debug\link.6236.read.1.tlog
C:\Users\Scott\Dropbox\Programming\CLPlayground\LiquidVolumeRender\Debug\link.6236.read.2.tlog
C:\Users\Scott\Dropbox\Programming\CLPlayground\LiquidVolumeRender\Debug\link.6236.write.1.tlog
C:\Users\Scott\Dropbox\Programming\CLPlayground\LiquidVolumeRender\Debug\link.6236-cvtres.read.1.tlog
C:\Users\Scott\Dropbox\Programming\CLPlayground\LiquidVolumeRender\Debug\link.6236-cvtres.write.1.tlog
C:\Users\Scott\Dropbox\Programming\CLPlayground\LiquidVolumeRender\Debug\link.6264.read.1.tlog
C:\Users\Scott\Dropbox\Programming\CLPlayground\LiquidVolumeRender\Debug\link.6264.read.2.tlog
C:\Users\Scott\Dropbox\Programming\CLPlayground\LiquidVolumeRender\Debug\link.6264.write.1.tlog
C:\Users\Scott\Dropbox\Programming\CLPlayground\LiquidVolumeRender\Debug\link.6264-cvtres.read.1.tlog
C:\Users\Scott\Dropbox\Programming\CLPlayground\LiquidVolumeRender\Debug\link.6264-cvtres.write.1.tlog
C:\Users\Scott\Dropbox\Programming\CLPlayground\LiquidVolumeRender\Debug\link.6292.read.1.tlog
C:\Users\Scott\Dropbox\Programming\CLPlayground\LiquidVolumeRender\Debug\link.6292.read.2.tlog
C:\Users\Scott\Dropbox\Programming\CLPlayground\LiquidVolumeRender\Debug\link.6292.write.1.tlog
C:\Users\Scott\Dropbox\Programming\CLPlayground\LiquidVolumeRender\Debug\link.6292-cvtres.read.1.tlog
C:\Users\Scott\Dropbox\Programming\CLPlayground\LiquidVolumeRender\Debug\link.6292-cvtres.write.1.tlog
C:\Users\Scott\Dropbox\Programming\CLPlayground\LiquidVolumeRender\Debug\link.6300.read.1.tlog
C:\Users\Scott\Dropbox\Programming\CLPlayground\LiquidVolumeRender\Debug\link.6300.write.1.tlog
C:\Users\Scott\Dropbox\Programming\CLPlayground\LiquidVolumeRender\Debug\link.6300-cvtres.read.1.tlog
C:\Users\Scott\Dropbox\Programming\CLPlayground\LiquidVolumeRender\Debug\link.6300-cvtres.write.1.tlog
C:\Users\Scott\Dropbox\Programming\CLPlayground\LiquidVolumeRender\Debug\link.6352.read.1.tlog
C:\Users\Scott\Dropbox\Programming\CLPlayground\LiquidVolumeRender\Debug\link.6352.read.2.tlog
C:\Users\Scott\Dropbox\Programming\CLPlayground\LiquidVolumeRender\Debug\link.6352.write.1.tlog
C:\Users\Scott\Dropbox\Programming\CLPlayground\LiquidVolumeRender\Debug\link.6352-cvtres.read.1.tlog
C:\Users\Scott\Dropbox\Programming\CLPlayground\LiquidVolumeRender\Debug\link.6352-cvtres.write.1.tlog
C:\Users\Scott\Dropbox\Programming\CLPlayground\LiquidVolumeRender\Debug\link.6416.read.1.tlog
C:\Users\Scott\Dropbox\Programming\CLPlayground\LiquidVolumeRender\Debug\link.6416.write.1.tlog
C:\Users\Scott\Dropbox\Programming\CLPlayground\LiquidVolumeRender\Debug\link.6416-cvtres.read.1.tlog
C:\Users\Scott\Dropbox\Programming\CLPlayground\LiquidVolumeRender\Debug\link.6416-cvtres.write.1.tlog
C:\Users\Scott\Dropbox\Programming\CLPlayground\LiquidVolumeRender\Debug\link.6580.read.1.tlog
C:\Users\Scott\Dropbox\Programming\CLPlayground\LiquidVolumeRender\Debug\link.6580.write.1.tlog
C:\Users\Scott\Dropbox\Programming\CLPlayground\LiquidVolumeRender\Debug\link.6580-cvtres.read.1.tlog
C:\Users\Scott\Dropbox\Programming\CLPlayground\LiquidVolumeRender\Debug\link.6580-cvtres.write.1.tlog
C:\Users\Scott\Dropbox\Programming\CLPlayground\LiquidVolumeRender\Debug\link.6668.read.1.tlog
C:\Users\Scott\Dropbox\Programming\CLPlayground\LiquidVolumeRender\Debug\link.6668.write.1.tlog
C:\Users\Scott\Dropbox\Programming\CLPlayground\LiquidVolumeRender\Debug\link.6668-cvtres.read.1.tlog
C:\Users\Scott\Dropbox\Programming\CLPlayground\LiquidVolumeRender\Debug\link.6668-cvtres.write.1.tlog
C:\Users\Scott\Dropbox\Programming\CLPlayground\LiquidVolumeRender\Debug\link.6692.read.1.tlog
C:\Users\Scott\Dropbox\Programming\CLPlayground\LiquidVolumeRender\Debug\link.6692.read.2.tlog
C:\Users\Scott\Dropbox\Programming\CLPlayground\LiquidVolumeRender\Debug\link.6692.write.1.tlog
C:\Users\Scott\Dropbox\Programming\CLPlayground\LiquidVolumeRender\Debug\link.6692-cvtres.read.1.tlog
C:\Users\Scott\Dropbox\Programming\CLPlayground\LiquidVolumeRender\Debug\link.6692-cvtres.write.1.tlog
C:\Users\Scott\Dropbox\Programming\CLPlayground\LiquidVolumeRender\Debug\link.6740.read.1.tlog
C:\Users\Scott\Dropbox\Programming\CLPlayground\LiquidVolumeRender\Debug\link.6740.write.1.tlog
C:\Users\Scott\Dropbox\Programming\CLPlayground\LiquidVolumeRender\Debug\link.6740-cvtres.read.1.tlog
C:\Users\Scott\Dropbox\Programming\CLPlayground\LiquidVolumeRender\Debug\link.6740-cvtres.write.1.tlog
C:\Users\Scott\Dropbox\Programming\CLPlayground\LiquidVolumeRender\Debug\link.6756.read.1.tlog
C:\Users\Scott\Dropbox\Programming\CLPlayground\LiquidVolumeRender\Debug\link.6756.read.2.tlog
C:\Users\Scott\Dropbox\Programming\CLPlayground\LiquidVolumeRender\Debug\link.6756.write.1.tlog
C:\Users\Scott\Dropbox\Programming\CLPlayground\LiquidVolumeRender\Debug\link.6756-cvtres.read.1.tlog
C:\Users\Scott\Dropbox\Programming\CLPlayground\LiquidVolumeRender\Debug\link.6756-cvtres.write.1.tlog
C:\Users\Scott\Dropbox\Programming\CLPlayground\LiquidVolumeRender\Debug\link.6772.read.1.tlog
C:\Users\Scott\Dropbox\Programming\CLPlayground\LiquidVolumeRender\Debug\link.6772.read.2.tlog
C:\Users\Scott\Dropbox\Programming\CLPlayground\LiquidVolumeRender\Debug\link.6772.write.1.tlog
C:\Users\Scott\Dropbox\Programming\CLPlayground\LiquidVolumeRender\Debug\link.6772-cvtres.read.1.tlog
C:\Users\Scott\Dropbox\Programming\CLPlayground\LiquidVolumeRender\Debug\link.6772-cvtres.write.1.tlog
C:\Users\Scott\Dropbox\Programming\CLPlayground\LiquidVolumeRender\Debug\link.6828.read.1.tlog
C:\Users\Scott\Dropbox\Programming\CLPlayground\LiquidVolumeRender\Debug\link.6828.write.1.tlog
C:\Users\Scott\Dropbox\Programming\CLPlayground\LiquidVolumeRender\Debug\link.6828-cvtres.read.1.tlog
C:\Users\Scott\Dropbox\Programming\CLPlayground\LiquidVolumeRender\Debug\link.6828-cvtres.write.1.tlog
C:\Users\Scott\Dropbox\Programming\CLPlayground\LiquidVolumeRender\Debug\link.6976.read.1.tlog
C:\Users\Scott\Dropbox\Programming\CLPlayground\LiquidVolumeRender\Debug\link.6976.read.2.tlog
C:\Users\Scott\Dropbox\Programming\CLPlayground\LiquidVolumeRender\Debug\link.6976.write.1.tlog
C:\Users\Scott\Dropbox\Programming\CLPlayground\LiquidVolumeRender\Debug\link.6976-cvtres.read.1.tlog
C:\Users\Scott\Dropbox\Programming\CLPlayground\LiquidVolumeRender\Debug\link.6976-cvtres.write.1.tlog
C:\Users\Scott\Dropbox\Programming\CLPlayground\LiquidVolumeRender\Debug\link.6996.read.1.tlog
C:\Users\Scott\Dropbox\Programming\CLPlayground\LiquidVolumeRender\Debug\link.6996.read.2.tlog
C:\Users\Scott\Dropbox\Programming\CLPlayground\LiquidVolumeRender\Debug\link.6996.write.1.tlog
C:\Users\Scott\Dropbox\Programming\CLPlayground\LiquidVolumeRender\Debug\link.6996-cvtres.read.1.tlog
C:\Users\Scott\Dropbox\Programming\CLPlayground\LiquidVolumeRender\Debug\link.6996-cvtres.write.1.tlog
C:\Users\Scott\Dropbox\Programming\CLPlayground\LiquidVolumeRender\Debug\link.7180.read.1.tlog
C:\Users\Scott\Dropbox\Programming\CLPlayground\LiquidVolumeRender\Debug\link.7180.read.2.tlog
C:\Users\Scott\Dropbox\Programming\CLPlayground\LiquidVolumeRender\Debug\link.7180.write.1.tlog
C:\Users\Scott\Dropbox\Programming\CLPlayground\LiquidVolumeRender\Debug\link.7180-cvtres.read.1.tlog
C:\Users\Scott\Dropbox\Programming\CLPlayground\LiquidVolumeRender\Debug\link.7180-cvtres.write.1.tlog
C:\Users\Scott\Dropbox\Programming\CLPlayground\LiquidVolumeRender\Debug\link.7264.read.1.tlog
C:\Users\Scott\Dropbox\Programming\CLPlayground\LiquidVolumeRender\Debug\link.7264.read.2.tlog
C:\Users\Scott\Dropbox\Programming\CLPlayground\LiquidVolumeRender\Debug\link.7264.write.1.tlog
C:\Users\Scott\Dropbox\Programming\CLPlayground\LiquidVolumeRender\Debug\link.7264-cvtres.read.1.tlog
C:\Users\Scott\Dropbox\Programming\CLPlayground\LiquidVolumeRender\Debug\link.7264-cvtres.write.1.tlog
C:\Users\Scott\Dropbox\Programming\CLPlayground\LiquidVolumeRender\Debug\link.7320.read.1.tlog
C:\Users\Scott\Dropbox\Programming\CLPlayground\LiquidVolumeRender\Debug\link.7320.write.1.tlog
C:\Users\Scott\Dropbox\Programming\CLPlayground\LiquidVolumeRender\Debug\link.7320-cvtres.read.1.tlog
C:\Users\Scott\Dropbox\Programming\CLPlayground\LiquidVolumeRender\Debug\link.7320-cvtres.write.1.tlog
C:\Users\Scott\Dropbox\Programming\CLPlayground\LiquidVolumeRender\Debug\link.7368.read.1.tlog
C:\Users\Scott\Dropbox\Programming\CLPlayground\LiquidVolumeRender\Debug\link.7368.read.2.tlog
C:\Users\Scott\Dropbox\Programming\CLPlayground\LiquidVolumeRender\Debug\link.7368.write.1.tlog
C:\Users\Scott\Dropbox\Programming\CLPlayground\LiquidVolumeRender\Debug\link.7368-cvtres.read.1.tlog
C:\Users\Scott\Dropbox\Programming\CLPlayground\LiquidVolumeRender\Debug\link.7368-cvtres.write.1.tlog
C:\Users\Scott\Dropbox\Programming\CLPlayground\LiquidVolumeRender\Debug\link.7392.read.1.tlog
C:\Users\Scott\Dropbox\Programming\CLPlayground\LiquidVolumeRender\Debug\link.7392.write.1.tlog
C:\Users\Scott\Dropbox\Programming\CLPlayground\LiquidVolumeRender\Debug\link.7392-cvtres.read.1.tlog
C:\Users\Scott\Dropbox\Programming\CLPlayground\LiquidVolumeRender\Debug\link.7392-cvtres.write.1.tlog
C:\Users\Scott\Dropbox\Programming\CLPlayground\LiquidVolumeRender\Debug\link.7416.read.1.tlog
C:\Users\Scott\Dropbox\Programming\CLPlayground\LiquidVolumeRender\Debug\link.7416.read.2.tlog
C:\Users\Scott\Dropbox\Programming\CLPlayground\LiquidVolumeRender\Debug\link.7416.write.1.tlog
C:\Users\Scott\Dropbox\Programming\CLPlayground\LiquidVolumeRender\Debug\link.7416-cvtres.read.1.tlog
C:\Users\Scott\Dropbox\Programming\CLPlayground\LiquidVolumeRender\Debug\link.7416-cvtres.write.1.tlog
C:\Users\Scott\Dropbox\Programming\CLPlayground\LiquidVolumeRender\Debug\link.7420.read.1.tlog
C:\Users\Scott\Dropbox\Programming\CLPlayground\LiquidVolumeRender\Debug\link.7420.read.2.tlog
C:\Users\Scott\Dropbox\Programming\CLPlayground\LiquidVolumeRender\Debug\link.7420.write.1.tlog
C:\Users\Scott\Dropbox\Programming\CLPlayground\LiquidVolumeRender\Debug\link.7420-cvtres.read.1.tlog
C:\Users\Scott\Dropbox\Programming\CLPlayground\LiquidVolumeRender\Debug\link.7420-cvtres.write.1.tlog
C:\Users\Scott\Dropbox\Programming\CLPlayground\LiquidVolumeRender\Debug\link.7488.read.1.tlog
C:\Users\Scott\Dropbox\Programming\CLPlayground\LiquidVolumeRender\Debug\link.7488.write.1.tlog
C:\Users\Scott\Dropbox\Programming\CLPlayground\LiquidVolumeRender\Debug\link.7488-cvtres.read.1.tlog
C:\Users\Scott\Dropbox\Programming\CLPlayground\LiquidVolumeRender\Debug\link.7488-cvtres.write.1.tlog
C:\Users\Scott\Dropbox\Programming\CLPlayground\LiquidVolumeRender\Debug\link.7496.read.1.tlog
C:\Users\Scott\Dropbox\Programming\CLPlayground\LiquidVolumeRender\Debug\link.7496.read.2.tlog
C:\Users\Scott\Dropbox\Programming\CLPlayground\LiquidVolumeRender\Debug\link.7496.write.1.tlog
C:\Users\Scott\Dropbox\Programming\CLPlayground\LiquidVolumeRender\Debug\link.7496-cvtres.read.1.tlog
C:\Users\Scott\Dropbox\Programming\CLPlayground\LiquidVolumeRender\Debug\link.7496-cvtres.write.1.tlog
C:\Users\Scott\Dropbox\Programming\CLPlayground\LiquidVolumeRender\Debug\link.7592.read.1.tlog
C:\Users\Scott\Dropbox\Programming\CLPlayground\LiquidVolumeRender\Debug\link.7592.write.1.tlog
C:\Users\Scott\Dropbox\Programming\CLPlayground\LiquidVolumeRender\Debug\link.7592-cvtres.read.1.tlog
C:\Users\Scott\Dropbox\Programming\CLPlayground\LiquidVolumeRender\Debug\link.7592-cvtres.write.1.tlog
C:\Users\Scott\Dropbox\Programming\CLPlayground\LiquidVolumeRender\Debug\link.7632.read.1.tlog
C:\Users\Scott\Dropbox\Programming\CLPlayground\LiquidVolumeRender\Debug\link.7632.write.1.tlog
C:\Users\Scott\Dropbox\Programming\CLPlayground\LiquidVolumeRender\Debug\link.7632-cvtres.read.1.tlog
C:\Users\Scott\Dropbox\Programming\CLPlayground\LiquidVolumeRender\Debug\link.7632-cvtres.write.1.tlog
C:\Users\Scott\Dropbox\Programming\CLPlayground\LiquidVolumeRender\Debug\link.7744.read.1.tlog
C:\Users\Scott\Dropbox\Programming\CLPlayground\LiquidVolumeRender\Debug\link.7744.read.2.tlog
C:\Users\Scott\Dropbox\Programming\CLPlayground\LiquidVolumeRender\Debug\link.7744.write.1.tlog
C:\Users\Scott\Dropbox\Programming\CLPlayground\LiquidVolumeRender\Debug\link.7744-cvtres.read.1.tlog
C:\Users\Scott\Dropbox\Programming\CLPlayground\LiquidVolumeRender\Debug\link.7744-cvtres.write.1.tlog
C:\Users\Scott\Dropbox\Programming\CLPlayground\LiquidVolumeRender\Debug\link.7752.read.1.tlog
C:\Users\Scott\Dropbox\Programming\CLPlayground\LiquidVolumeRender\Debug\link.7752.write.1.tlog
C:\Users\Scott\Dropbox\Programming\CLPlayground\LiquidVolumeRender\Debug\link.7752-cvtres.read.1.tlog
C:\Users\Scott\Dropbox\Programming\CLPlayground\LiquidVolumeRender\Debug\link.7752-cvtres.write.1.tlog
C:\Users\Scott\Dropbox\Programming\CLPlayground\LiquidVolumeRender\Debug\link.7820.read.1.tlog
C:\Users\Scott\Dropbox\Programming\CLPlayground\LiquidVolumeRender\Debug\link.7820.read.2.tlog
C:\Users\Scott\Dropbox\Programming\CLPlayground\LiquidVolumeRender\Debug\link.7820.write.1.tlog
C:\Users\Scott\Dropbox\Programming\CLPlayground\LiquidVolumeRender\Debug\link.7820-cvtres.read.1.tlog
C:\Users\Scott\Dropbox\Programming\CLPlayground\LiquidVolumeRender\Debug\link.7820-cvtres.write.1.tlog
C:\Users\Scott\Dropbox\Programming\CLPlayground\LiquidVolumeRender\Debug\link.7840.read.1.tlog
C:\Users\Scott\Dropbox\Programming\CLPlayground\LiquidVolumeRender\Debug\link.7840.write.1.tlog
C:\Users\Scott\Dropbox\Programming\CLPlayground\LiquidVolumeRender\Debug\link.7840-cvtres.read.1.tlog
C:\Users\Scott\Dropbox\Programming\CLPlayground\LiquidVolumeRender\Debug\link.7840-cvtres.write.1.tlog
C:\Users\Scott\Dropbox\Programming\CLPlayground\LiquidVolumeRender\Debug\link.7864.read.1.tlog
C:\Users\Scott\Dropbox\Programming\CLPlayground\LiquidVolumeRender\Debug\link.7864.read.2.tlog
C:\Users\Scott\Dropbox\Programming\CLPlayground\LiquidVolumeRender\Debug\link.7864.write.1.tlog
C:\Users\Scott\Dropbox\Programming\CLPlayground\LiquidVolumeRender\Debug\link.7864-cvtres.read.1.tlog
C:\Users\Scott\Dropbox\Programming\CLPlayground\LiquidVolumeRender\Debug\link.7864-cvtres.write.1.tlog
C:\Users\Scott\Dropbox\Programming\CLPlayground\LiquidVolumeRender\Debug\link.7892.read.1.tlog
C:\Users\Scott\Dropbox\Programming\CLPlayground\LiquidVolumeRender\Debug\link.7892.read.2.tlog
C:\Users\Scott\Dropbox\Programming\CLPlayground\LiquidVolumeRender\Debug\link.7892.write.1.tlog
C:\Users\Scott\Dropbox\Programming\CLPlayground\LiquidVolumeRender\Debug\link.7892-cvtres.read.1.tlog
C:\Users\Scott\Dropbox\Programming\CLPlayground\LiquidVolumeRender\Debug\link.7892-cvtres.write.1.tlog
C:\Users\Scott\Dropbox\Programming\CLPlayground\LiquidVolumeRender\Debug\link.7936.read.1.tlog
C:\Users\Scott\Dropbox\Programming\CLPlayground\LiquidVolumeRender\Debug\link.7936.read.2.tlog
C:\Users\Scott\Dropbox\Programming\CLPlayground\LiquidVolumeRender\Debug\link.7936.write.1.tlog
C:\Users\Scott\Dropbox\Programming\CLPlayground\LiquidVolumeRender\Debug\link.7936-cvtres.read.1.tlog
C:\Users\Scott\Dropbox\Programming\CLPlayground\LiquidVolumeRender\Debug\link.7936-cvtres.write.1.tlog
C:\Users\Scott\Dropbox\Programming\CLPlayground\LiquidVolumeRender\Debug\link.7964.read.1.tlog
C:\Users\Scott\Dropbox\Programming\CLPlayground\LiquidVolumeRender\Debug\link.7964.write.1.tlog
C:\Users\Scott\Dropbox\Programming\CLPlayground\LiquidVolumeRender\Debug\link.7964-cvtres.read.1.tlog
C:\Users\Scott\Dropbox\Programming\CLPlayground\LiquidVolumeRender\Debug\link.7964-cvtres.write.1.tlog
C:\Users\Scott\Dropbox\Programming\CLPlayground\LiquidVolumeRender\Debug\link.8088.read.1.tlog
C:\Users\Scott\Dropbox\Programming\CLPlayground\LiquidVolumeRender\Debug\link.8088.write.1.tlog
C:\Users\Scott\Dropbox\Programming\CLPlayground\LiquidVolumeRender\Debug\link.8088-cvtres.read.1.tlog
C:\Users\Scott\Dropbox\Programming\CLPlayground\LiquidVolumeRender\Debug\link.8088-cvtres.write.1.tlog
C:\Users\Scott\Dropbox\Programming\CLPlayground\LiquidVolumeRender\Debug\link.8100.read.1.tlog
C:\Users\Scott\Dropbox\Programming\CLPlayground\LiquidVolumeRender\Debug\link.8100.read.2.tlog
C:\Users\Scott\Dropbox\Programming\CLPlayground\LiquidVolumeRender\Debug\link.8100.write.1.tlog
C:\Users\Scott\Dropbox\Programming\CLPlayground\LiquidVolumeRender\Debug\link.8100-cvtres.read.1.tlog
C:\Users\Scott\Dropbox\Programming\CLPlayground\LiquidVolumeRender\Debug\link.8100-cvtres.write.1.tlog
C:\Users\Scott\Dropbox\Programming\CLPlayground\LiquidVolumeRender\Debug\link.8168.read.1.tlog
C:\Users\Scott\Dropbox\Programming\CLPlayground\LiquidVolumeRender\Debug\link.8168.write.1.tlog
C:\Users\Scott\Dropbox\Programming\CLPlayground\LiquidVolumeRender\Debug\link.8168-cvtres.read.1.tlog
C:\Users\Scott\Dropbox\Programming\CLPlayground\LiquidVolumeRender\Debug\link.8168-cvtres.write.1.tlog
C:\Users\Scott\Dropbox\Programming\CLPlayground\LiquidVolumeRender\Debug\link.8224.read.1.tlog
C:\Users\Scott\Dropbox\Programming\CLPlayground\LiquidVolumeRender\Debug\link.8224.write.1.tlog
C:\Users\Scott\Dropbox\Programming\CLPlayground\LiquidVolumeRender\Debug\link.8224-cvtres.read.1.tlog
C:\Users\Scott\Dropbox\Programming\CLPlayground\LiquidVolumeRender\Debug\link.8224-cvtres.write.1.tlog
C:\Users\Scott\Dropbox\Programming\CLPlayground\LiquidVolumeRender\Debug\link.8256.read.1.tlog
C:\Users\Scott\Dropbox\Programming\CLPlayground\LiquidVolumeRender\Debug\link.8256.read.2.tlog
C:\Users\Scott\Dropbox\Programming\CLPlayground\LiquidVolumeRender\Debug\link.8256.write.1.tlog
C:\Users\Scott\Dropbox\Programming\CLPlayground\LiquidVolumeRender\Debug\link.8256-cvtres.read.1.tlog
C:\Users\Scott\Dropbox\Programming\CLPlayground\LiquidVolumeRender\Debug\link.8256-cvtres.write.1.tlog
C:\Users\Scott\Dropbox\Programming\CLPlayground\LiquidVolumeRender\Debug\link.8268.read.1.tlog
C:\Users\Scott\Dropbox\Programming\CLPlayground\LiquidVolumeRender\Debug\link.8268.read.2.tlog
C:\Users\Scott\Dropbox\Programming\CLPlayground\LiquidVolumeRender\Debug\link.8268.write.1.tlog
C:\Users\Scott\Dropbox\Programming\CLPlayground\LiquidVolumeRender\Debug\link.8268-cvtres.read.1.tlog
C:\Users\Scott\Dropbox\Programming\CLPlayground\LiquidVolumeRender\Debug\link.8268-cvtres.write.1.tlog
C:\Users\Scott\Dropbox\Programming\CLPlayground\LiquidVolumeRender\Debug\link.8292.read.1.tlog
C:\Users\Scott\Dropbox\Programming\CLPlayground\LiquidVolumeRender\Debug\link.8292.read.2.tlog
C:\Users\Scott\Dropbox\Programming\CLPlayground\LiquidVolumeRender\Debug\link.8292.write.1.tlog
C:\Users\Scott\Dropbox\Programming\CLPlayground\LiquidVolumeRender\Debug\link.8292-cvtres.read.1.tlog
C:\Users\Scott\Dropbox\Programming\CLPlayground\LiquidVolumeRender\Debug\link.8292-cvtres.write.1.tlog
C:\Users\Scott\Dropbox\Programming\CLPlayground\LiquidVolumeRender\Debug\link.8516.read.1.tlog
C:\Users\Scott\Dropbox\Programming\CLPlayground\LiquidVolumeRender\Debug\link.8516.read.2.tlog
C:\Users\Scott\Dropbox\Programming\CLPlayground\LiquidVolumeRender\Debug\link.8516.write.1.tlog
C:\Users\Scott\Dropbox\Programming\CLPlayground\LiquidVolumeRender\Debug\link.8516-cvtres.read.1.tlog
C:\Users\Scott\Dropbox\Programming\CLPlayground\LiquidVolumeRender\Debug\link.8516-cvtres.write.1.tlog
C:\Users\Scott\Dropbox\Programming\CLPlayground\LiquidVolumeRender\Debug\link.8528.read.1.tlog
C:\Users\Scott\Dropbox\Programming\CLPlayground\LiquidVolumeRender\Debug\link.8528.write.1.tlog
C:\Users\Scott\Dropbox\Programming\CLPlayground\LiquidVolumeRender\Debug\link.8528-cvtres.read.1.tlog
C:\Users\Scott\Dropbox\Programming\CLPlayground\LiquidVolumeRender\Debug\link.8528-cvtres.write.1.tlog
C:\Users\Scott\Dropbox\Programming\CLPlayground\LiquidVolumeRender\Debug\link.8544.read.1.tlog
C:\Users\Scott\Dropbox\Programming\CLPlayground\LiquidVolumeRender\Debug\link.8544.write.1.tlog
C:\Users\Scott\Dropbox\Programming\CLPlayground\LiquidVolumeRender\Debug\link.8544-cvtres.read.1.tlog
C:\Users\Scott\Dropbox\Programming\CLPlayground\LiquidVolumeRender\Debug\link.8544-cvtres.write.1.tlog
C:\Users\Scott\Dropbox\Programming\CLPlayground\LiquidVolumeRender\Debug\link.8712.read.1.tlog
C:\Users\Scott\Dropbox\Programming\CLPlayground\LiquidVolumeRender\Debug\link.8712.write.1.tlog
C:\Users\Scott\Dropbox\Programming\CLPlayground\LiquidVolumeRender\Debug\link.8712-cvtres.read.1.tlog
C:\Users\Scott\Dropbox\Programming\CLPlayground\LiquidVolumeRender\Debug\link.8712-cvtres.write.1.tlog
C:\Users\Scott\Dropbox\Programming\CLPlayground\LiquidVolumeRender\Debug\link.8868.read.1.tlog
C:\Users\Scott\Dropbox\Programming\CLPlayground\LiquidVolumeRender\Debug\link.8868.write.1.tlog
C:\Users\Scott\Dropbox\Programming\CLPlayground\LiquidVolumeRender\Debug\link.8868-cvtres.read.1.tlog
C:\Users\Scott\Dropbox\Programming\CLPlayground\LiquidVolumeRender\Debug\link.8868-cvtres.write.1.tlog
C:\Users\Scott\Dropbox\Programming\CLPlayground\LiquidVolumeRender\Debug\link.9056.read.1.tlog
C:\Users\Scott\Dropbox\Programming\CLPlayground\LiquidVolumeRender\Debug\link.9056.read.2.tlog
C:\Users\Scott\Dropbox\Programming\CLPlayground\LiquidVolumeRender\Debug\link.9056.write.1.tlog
C:\Users\Scott\Dropbox\Programming\CLPlayground\LiquidVolumeRender\Debug\link.9056-cvtres.read.1.tlog
C:\Users\Scott\Dropbox\Programming\CLPlayground\LiquidVolumeRender\Debug\link.9056-cvtres.write.1.tlog
C:\Users\Scott\Dropbox\Programming\CLPlayground\LiquidVolumeRender\Debug\link.9104.read.1.tlog
C:\Users\Scott\Dropbox\Programming\CLPlayground\LiquidVolumeRender\Debug\link.9104.read.2.tlog
C:\Users\Scott\Dropbox\Programming\CLPlayground\LiquidVolumeRender\Debug\link.9104.write.1.tlog
C:\Users\Scott\Dropbox\Programming\CLPlayground\LiquidVolumeRender\Debug\link.9104-cvtres.read.1.tlog
C:\Users\Scott\Dropbox\Programming\CLPlayground\LiquidVolumeRender\Debug\link.9104-cvtres.write.1.tlog
C:\Users\Scott\Dropbox\Programming\CLPlayground\LiquidVolumeRender\Debug\link.9208.read.1.tlog
C:\Users\Scott\Dropbox\Programming\CLPlayground\LiquidVolumeRender\Debug\link.9208.write.1.tlog
C:\Users\Scott\Dropbox\Programming\CLPlayground\LiquidVolumeRender\Debug\link.9208-cvtres.read.1.tlog
C:\Users\Scott\Dropbox\Programming\CLPlayground\LiquidVolumeRender\Debug\link.9208-cvtres.write.1.tlog
C:\Users\Scott\Dropbox\Programming\CLPlayground\LiquidVolumeRender\Debug\link.command.1.tlog
C:\Users\Scott\Dropbox\Programming\CLPlayground\LiquidVolumeRender\Debug\link.read.1.tlog
C:\Users\Scott\Dropbox\Programming\CLPlayground\LiquidVolumeRender\Debug\link.read.2.tlog
C:\Users\Scott\Dropbox\Programming\CLPlayground\LiquidVolumeRender\Debug\link.write.1.tlog
C:\Users\Scott\Dropbox\Programming\CLPlayground\LiquidVolumeRender\Debug\link-cvtres.read.1.tlog
C:\Users\Scott\Dropbox\Programming\CLPlayground\LiquidVolumeRender\Debug\link-cvtres.write.1.tlog
C:\USERS\SCOTT\DROPBOX\PROGRAMMING\CLPLAYGROUND\LIQUIDVOLUMERENDER\DEBUG\LIQUIDVOLUMERENDER.EXE.EMBED.MANIFEST
C:\USERS\SCOTT\DROPBOX\PROGRAMMING\CLPLAYGROUND\LIQUIDVOLUMERENDER\DEBUG\LIQUIDVOLUMERENDER.EXE.EMBED.MANIFEST.RES
C:\USERS\SCOTT\DROPBOX\PROGRAMMING\CLPLAYGROUND\LIQUIDVOLUMERENDER\DEBUG\LIQUIDVOLUMERENDER.EXE.INTERMEDIATE.MANIFEST
C:\Users\Scott\Dropbox\Programming\CLPlayground\LiquidVolumeRender\Debug\LiquidVolumeRender_manifest.rc
C:\USERS\SCOTT\DROPBOX\PROGRAMMING\CLPLAYGROUND\LIQUIDVOLUMERENDER\DEBUG\MAIN.OBJ
C:\Users\Scott\Dropbox\Programming\CLPlayground\LiquidVolumeRender\Debug\mt.command.1.tlog
C:\Users\Scott\Dropbox\Programming\CLPlayground\LiquidVolumeRender\Debug\mt.read.1.tlog
C:\Users\Scott\Dropbox\Programming\CLPlayground\LiquidVolumeRender\Debug\mt.write.1.tlog
C:\Users\Scott\Dropbox\Programming\CLPlayground\LiquidVolumeRender\Debug\rc.command.1.tlog
C:\Users\Scott\Dropbox\Programming\CLPlayground\LiquidVolumeRender\Debug\rc.read.1.tlog
C:\Users\Scott\Dropbox\Programming\CLPlayground\LiquidVolumeRender\Debug\rc.write.1.tlog
C:\USERS\SCOTT\DROPBOX\PROGRAMMING\CLPLAYGROUND\LIQUIDVOLUMERENDER\DEBUG\SCREENQUAD.OBJ
C:\Users\Scott\Dropbox\Programming\CLPlayground\LiquidVolumeRender\Debug\vc100.idb
C:\USERS\SCOTT\DROPBOX\PROGRAMMING\CLPLAYGROUND\LIQUIDVOLUMERENDER\DEBUG\VC100.PDB
C:\USERS\TOCS\BOX\DROPBOX\PROGRAMMING\CLPLAYGROUND\DEBUG\LIQUIDVOLUMERENDER.EXE
C:\USERS\TOCS\BOX\DROPBOX\PROGRAMMING\CLPLAYGROUND\DEBUG\LIQUIDVOLUMERENDER.ILK
C:\USERS\TOCS\BOX\DROPBOX\PROGRAMMING\CLPLAYGROUND\DEBUG\LIQUIDVOLUMERENDER.PDB
C:\USERS\TOCS\BOX\DROPBOX\PROGRAMMING\CLPLAYGROUND\LIQUIDVOLUMERENDER\DEBUG\FLUIDFIELD.OBJ
C:\USERS\TOCS\BOX\DROPBOX\PROGRAMMING\CLPLAYGROUND\LIQUIDVOLUMERENDER\DEBUG\FLUIDFIELD2D.OBJ
C:\USERS\TOCS\BOX\DROPBOX\PROGRAMMING\CLPLAYGROUND\LIQUIDVOLUMERENDER\DEBUG\LIQUIDVOLUMERENDER.EXE.EMBED.MANIFEST.RES
C:\USERS\TOCS\BOX\DROPBOX\PROGRAMMING\CLPLAYGROUND\LIQUIDVOLUMERENDER\DEBUG\LIQUIDVOLUMERENDER.EXE.INTERMEDIATE.MANIFEST
C:\USERS\TOCS\BOX\DROPBOX\PROGRAMMING\CLPLAYGROUND\LIQUIDVOLUMERENDER\DEBUG\MAIN.OBJ
C:\USERS\TOCS\BOX\DROPBOX\PROGRAMMING\CLPLAYGROUND\LIQUIDVOLUMERENDER\DEBUG\SCREENQUAD.OBJ
C:\USERS\TOCS\BOX\DROPBOX\PROGRAMMING\CLPLAYGROUND\LIQUIDVOLUMERENDER\DEBUG\VC100.PDB
