Build started 3/26/2013 12:12:01 PM.
     1>Project "C:\Users\Scott\Dropbox\Programming\CLPlayground\LiquidVolumeRender\LiquidVolumeRender.vcxproj" on node 4 (build target(s)).
     1>InitializeBuildStatus:
         Creating "Debug\LiquidVolumeRender.unsuccessfulbuild" because "AlwaysCreate" was specified.
       ClCompile:
         C:\Program Files (x86)\Microsoft Visual Studio 10.0\VC\bin\CL.exe /c /IC:\Users\Scott\Dropbox\Programming\CLPlayground\\Components /ZI /nologo /W3 /WX- /Od /Oy- /D WIN32 /D _DEBUG /D _CONSOLE /Gm /EHsc /RTC1 /MDd /GS /fp:precise /Zc:wchar_t /Zc:forScope /Fo"Debug\\" /Fd"Debug\vc100.pdb" /Gd /TP /analyze- /errorReport:prompt FluidField.cpp FluidField2D.cpp ScreenQuad.cpp main.cpp
         FluidField2D.cpp
     1>c:\users\scott\dropbox\programming\clplayground\liquidvolumerender\fluidfield2d.cpp(103): warning C4244: 'argument' : conversion from 'float' to 'unsigned int', possible loss of data
     1>c:\users\scott\dropbox\programming\clplayground\liquidvolumerender\fluidfield2d.cpp(103): warning C4244: 'argument' : conversion from 'float' to 'unsigned int', possible loss of data
     1>c:\users\scott\dropbox\programming\clplayground\liquidvolumerender\fluidfield2d.cpp(110): warning C4244: 'argument' : conversion from 'float' to 'unsigned int', possible loss of data
     1>c:\users\scott\dropbox\programming\clplayground\liquidvolumerender\fluidfield2d.cpp(110): warning C4244: 'argument' : conversion from 'float' to 'unsigned int', possible loss of data
     1>c:\users\scott\dropbox\programming\clplayground\liquidvolumerender\fluidfield2d.cpp(120): warning C4018: '<' : signed/unsigned mismatch
     1>c:\users\scott\dropbox\programming\clplayground\liquidvolumerender\fluidfield2d.cpp(135): warning C4018: '<' : signed/unsigned mismatch
     1>c:\users\scott\dropbox\programming\clplayground\liquidvolumerender\fluidfield2d.cpp(151): warning C4018: '<' : signed/unsigned mismatch
     1>c:\users\scott\dropbox\programming\clplayground\components\tocs\parallel\kernel.h(38): warning C4351: new behavior: elements of array 'Tocs::Parallel::Kernel<<unnamed-symbol>>::ExecEvent::Sizes' will be default initialized
                 with
                 [
                     <unnamed-symbol>=void (Tocs::Parallel::Image2D)
                 ]
                 c:\users\scott\dropbox\programming\clplayground\components\tocs\parallel\kernel.h(30) : while compiling class template member function 'Tocs::Parallel::Kernel<<unnamed-symbol>>::ExecEvent::ExecEvent(Tocs::Parallel::KernelBase &,Tocs::Parallel::Image2D &)'
                 with
                 [
                     <unnamed-symbol>=void (Tocs::Parallel::Image2D)
                 ]
                 c:\users\scott\dropbox\programming\clplayground\liquidvolumerender\fluidfield2d.cpp(64) : see reference to class template instantiation 'Tocs::Parallel::Kernel<<unnamed-symbol>>::ExecEvent' being compiled
                 with
                 [
                     <unnamed-symbol>=void (Tocs::Parallel::Image2D)
                 ]
     1>c:\users\scott\dropbox\programming\clplayground\components\tocs\parallel\kernel.h(38): warning C4351: new behavior: elements of array 'Tocs::Parallel::Kernel<<unnamed-symbol>>::ExecEvent::Offsets' will be default initialized
                 with
                 [
                     <unnamed-symbol>=void (Tocs::Parallel::Image2D)
                 ]
     1>c:\users\scott\dropbox\programming\clplayground\components\tocs\parallel\kernel.h(38): warning C4351: new behavior: elements of array 'Tocs::Parallel::Kernel<<unnamed-symbol>>::ExecEvent::LocalSizes' will be default initialized
                 with
                 [
                     <unnamed-symbol>=void (Tocs::Parallel::Image2D)
                 ]
     1>c:\users\scott\dropbox\programming\clplayground\components\tocs\parallel\kernel.h(498): warning C4351: new behavior: elements of array 'Tocs::Parallel::Kernel<<unnamed-symbol>>::ExecEvent::Sizes' will be default initialized
                 with
                 [
                     <unnamed-symbol>=void (Tocs::Parallel::Image2D,unsigned int,unsigned int,float,float)
                 ]
                 c:\users\scott\dropbox\programming\clplayground\components\tocs\parallel\kernel.h(487) : while compiling class template member function 'Tocs::Parallel::Kernel<<unnamed-symbol>>::ExecEvent::ExecEvent(Tocs::Parallel::KernelBase &,Tocs::Parallel::Image2D &,unsigned int,unsigned int,float,float)'
                 with
                 [
                     <unnamed-symbol>=void (Tocs::Parallel::Image2D,unsigned int,unsigned int,float,float)
                 ]
                 c:\users\scott\dropbox\programming\clplayground\liquidvolumerender\fluidfield2d.cpp(103) : see reference to class template instantiation 'Tocs::Parallel::Kernel<<unnamed-symbol>>::ExecEvent' being compiled
                 with
                 [
                     <unnamed-symbol>=void (Tocs::Parallel::Image2D,unsigned int,unsigned int,float,float)
                 ]
     1>c:\users\scott\dropbox\programming\clplayground\components\tocs\parallel\kernel.h(498): warning C4351: new behavior: elements of array 'Tocs::Parallel::Kernel<<unnamed-symbol>>::ExecEvent::Offsets' will be default initialized
                 with
                 [
                     <unnamed-symbol>=void (Tocs::Parallel::Image2D,unsigned int,unsigned int,float,float)
                 ]
     1>c:\users\scott\dropbox\programming\clplayground\components\tocs\parallel\kernel.h(384): warning C4351: new behavior: elements of array 'Tocs::Parallel::Kernel<<unnamed-symbol>>::ExecEvent::Sizes' will be default initialized
                 with
                 [
                     <unnamed-symbol>=void (Tocs::Parallel::Image2D,unsigned int,unsigned int,Tocs::Graphics::Color)
                 ]
                 c:\users\scott\dropbox\programming\clplayground\components\tocs\parallel\kernel.h(374) : while compiling class template member function 'Tocs::Parallel::Kernel<<unnamed-symbol>>::ExecEvent::ExecEvent(Tocs::Parallel::KernelBase &,Tocs::Parallel::Image2D &,unsigned int,unsigned int,Tocs::Graphics::Color)'
                 with
                 [
                     <unnamed-symbol>=void (Tocs::Parallel::Image2D,unsigned int,unsigned int,Tocs::Graphics::Color)
                 ]
                 c:\users\scott\dropbox\programming\clplayground\liquidvolumerender\fluidfield2d.cpp(110) : see reference to class template instantiation 'Tocs::Parallel::Kernel<<unnamed-symbol>>::ExecEvent' being compiled
                 with
                 [
                     <unnamed-symbol>=void (Tocs::Parallel::Image2D,unsigned int,unsigned int,Tocs::Graphics::Color)
                 ]
     1>c:\users\scott\dropbox\programming\clplayground\components\tocs\parallel\kernel.h(384): warning C4351: new behavior: elements of array 'Tocs::Parallel::Kernel<<unnamed-symbol>>::ExecEvent::Offsets' will be default initialized
                 with
                 [
                     <unnamed-symbol>=void (Tocs::Parallel::Image2D,unsigned int,unsigned int,Tocs::Graphics::Color)
                 ]
     1>c:\users\scott\dropbox\programming\clplayground\components\tocs\parallel\kernel.h(264): warning C4351: new behavior: elements of array 'Tocs::Parallel::Kernel<<unnamed-symbol>>::ExecEvent::Sizes' will be default initialized
                 with
                 [
                     <unnamed-symbol>=void (Tocs::Parallel::Image2D,Tocs::Parallel::Image2D,float)
                 ]
                 c:\users\scott\dropbox\programming\clplayground\components\tocs\parallel\kernel.h(255) : while compiling class template member function 'Tocs::Parallel::Kernel<<unnamed-symbol>>::ExecEvent::ExecEvent(Tocs::Parallel::KernelBase &,Tocs::Parallel::Image2D &,Tocs::Parallel::Image2D &,float)'
                 with
                 [
                     <unnamed-symbol>=void (Tocs::Parallel::Image2D,Tocs::Parallel::Image2D,float)
                 ]
                 c:\users\scott\dropbox\programming\clplayground\liquidvolumerender\fluidfield2d.cpp(118) : see reference to class template instantiation 'Tocs::Parallel::Kernel<<unnamed-symbol>>::ExecEvent' being compiled
                 with
                 [
                     <unnamed-symbol>=void (Tocs::Parallel::Image2D,Tocs::Parallel::Image2D,float)
                 ]
     1>c:\users\scott\dropbox\programming\clplayground\components\tocs\parallel\kernel.h(264): warning C4351: new behavior: elements of array 'Tocs::Parallel::Kernel<<unnamed-symbol>>::ExecEvent::Offsets' will be default initialized
                 with
                 [
                     <unnamed-symbol>=void (Tocs::Parallel::Image2D,Tocs::Parallel::Image2D,float)
                 ]
     1>c:\users\scott\dropbox\programming\clplayground\components\tocs\parallel\kernel.h(498): warning C4351: new behavior: elements of array 'Tocs::Parallel::Kernel<<unnamed-symbol>>::ExecEvent::Sizes' will be default initialized
                 with
                 [
                     <unnamed-symbol>=void (Tocs::Parallel::Image2D,Tocs::Parallel::Image2D,Tocs::Parallel::Image2D,float,float)
                 ]
                 c:\users\scott\dropbox\programming\clplayground\components\tocs\parallel\kernel.h(487) : while compiling class template member function 'Tocs::Parallel::Kernel<<unnamed-symbol>>::ExecEvent::ExecEvent(Tocs::Parallel::KernelBase &,Tocs::Parallel::Image2D &,Tocs::Parallel::Image2D &,Tocs::Parallel::Image2D &,float,float)'
                 with
                 [
                     <unnamed-symbol>=void (Tocs::Parallel::Image2D,Tocs::Parallel::Image2D,Tocs::Parallel::Image2D,float,float)
                 ]
                 c:\users\scott\dropbox\programming\clplayground\liquidvolumerender\fluidfield2d.cpp(124) : see reference to class template instantiation 'Tocs::Parallel::Kernel<<unnamed-symbol>>::ExecEvent' being compiled
                 with
                 [
                     <unnamed-symbol>=void (Tocs::Parallel::Image2D,Tocs::Parallel::Image2D,Tocs::Parallel::Image2D,float,float)
                 ]
     1>c:\users\scott\dropbox\programming\clplayground\components\tocs\parallel\kernel.h(498): warning C4351: new behavior: elements of array 'Tocs::Parallel::Kernel<<unnamed-symbol>>::ExecEvent::Offsets' will be default initialized
                 with
                 [
                     <unnamed-symbol>=void (Tocs::Parallel::Image2D,Tocs::Parallel::Image2D,Tocs::Parallel::Image2D,float,float)
                 ]
     1>c:\users\scott\dropbox\programming\clplayground\components\tocs\parallel\kernel.h(384): warning C4351: new behavior: elements of array 'Tocs::Parallel::Kernel<<unnamed-symbol>>::ExecEvent::Sizes' will be default initialized
                 with
                 [
                     <unnamed-symbol>=void (Tocs::Parallel::Image2D,Tocs::Parallel::Image2D,Tocs::Parallel::Image2D,float)
                 ]
                 c:\users\scott\dropbox\programming\clplayground\components\tocs\parallel\kernel.h(374) : while compiling class template member function 'Tocs::Parallel::Kernel<<unnamed-symbol>>::ExecEvent::ExecEvent(Tocs::Parallel::KernelBase &,Tocs::Parallel::Image2D &,Tocs::Parallel::Image2D &,Tocs::Parallel::Image2D &,float)'
                 with
                 [
                     <unnamed-symbol>=void (Tocs::Parallel::Image2D,Tocs::Parallel::Image2D,Tocs::Parallel::Image2D,float)
                 ]
                 c:\users\scott\dropbox\programming\clplayground\liquidvolumerender\fluidfield2d.cpp(128) : see reference to class template instantiation 'Tocs::Parallel::Kernel<<unnamed-symbol>>::ExecEvent' being compiled
                 with
                 [
                     <unnamed-symbol>=void (Tocs::Parallel::Image2D,Tocs::Parallel::Image2D,Tocs::Parallel::Image2D,float)
                 ]
     1>c:\users\scott\dropbox\programming\clplayground\components\tocs\parallel\kernel.h(384): warning C4351: new behavior: elements of array 'Tocs::Parallel::Kernel<<unnamed-symbol>>::ExecEvent::Offsets' will be default initialized
                 with
                 [
                     <unnamed-symbol>=void (Tocs::Parallel::Image2D,Tocs::Parallel::Image2D,Tocs::Parallel::Image2D,float)
                 ]
     1>c:\users\scott\dropbox\programming\clplayground\components\tocs\parallel\kernel.h(498): warning C4351: new behavior: elements of array 'Tocs::Parallel::Kernel<<unnamed-symbol>>::ExecEvent::Sizes' will be default initialized
                 with
                 [
                     <unnamed-symbol>=void (Tocs::Parallel::Image2D,Tocs::Parallel::Image2D,float,Tocs::Parallel::Image2D,float)
                 ]
                 c:\users\scott\dropbox\programming\clplayground\components\tocs\parallel\kernel.h(487) : while compiling class template member function 'Tocs::Parallel::Kernel<<unnamed-symbol>>::ExecEvent::ExecEvent(Tocs::Parallel::KernelBase &,Tocs::Parallel::Image2D &,Tocs::Parallel::Image2D &,float,Tocs::Parallel::Image2D &,float)'
                 with
                 [
                     <unnamed-symbol>=void (Tocs::Parallel::Image2D,Tocs::Parallel::Image2D,float,Tocs::Parallel::Image2D,float)
                 ]
                 c:\users\scott\dropbox\programming\clplayground\liquidvolumerender\fluidfield2d.cpp(143) : see reference to class template instantiation 'Tocs::Parallel::Kernel<<unnamed-symbol>>::ExecEvent' being compiled
                 with
                 [
                     <unnamed-symbol>=void (Tocs::Parallel::Image2D,Tocs::Parallel::Image2D,float,Tocs::Parallel::Image2D,float)
                 ]
     1>c:\users\scott\dropbox\programming\clplayground\components\tocs\parallel\kernel.h(498): warning C4351: new behavior: elements of array 'Tocs::Parallel::Kernel<<unnamed-symbol>>::ExecEvent::Offsets' will be default initialized
                 with
                 [
                     <unnamed-symbol>=void (Tocs::Parallel::Image2D,Tocs::Parallel::Image2D,float,Tocs::Parallel::Image2D,float)
                 ]
         Generating Code...
         Skipping... (no relevant changes detected)
         main.cpp
         ScreenQuad.cpp
         FluidField.cpp
       ManifestResourceCompile:
         C:\Program Files (x86)\Microsoft SDKs\Windows\v7.0A\bin\rc.exe /nologo /fo"Debug\LiquidVolumeRender.exe.embed.manifest.res" Debug\LiquidVolumeRender_manifest.rc 
       Link:
         C:\Program Files (x86)\Microsoft Visual Studio 10.0\VC\bin\link.exe /ERRORREPORT:PROMPT /OUT:"C:\Users\Scott\Dropbox\Programming\CLPlayground\Debug\LiquidVolumeRender.exe" /INCREMENTAL /NOLOGO /LIBPATH:C:\Users\Scott\Dropbox\Programming\CLPlayground\/Components/bin "Core-d.lib" "Parallel-d.lib" "Drawing-d.lib" "Graphics-d.lib" "Math-d.lib" "Input-d.lib" kernel32.lib user32.lib gdi32.lib winspool.lib comdlg32.lib advapi32.lib shell32.lib ole32.lib oleaut32.lib uuid.lib odbc32.lib odbccp32.lib /MANIFEST /ManifestFile:"Debug\LiquidVolumeRender.exe.intermediate.manifest" /MANIFESTUAC:"level='asInvoker' uiAccess='false'" /DEBUG /PDB:"C:\Users\Scott\Dropbox\Programming\CLPlayground\Debug\LiquidVolumeRender.pdb" /SUBSYSTEM:CONSOLE /TLBID:1 /DYNAMICBASE /NXCOMPAT /IMPLIB:"C:\Users\Scott\Dropbox\Programming\CLPlayground\Debug\LiquidVolumeRender.lib" /MACHINE:X86 Debug\LiquidVolumeRender.exe.embed.manifest.res
         Debug\Camera.obj
         Debug\FluidField.obj
         Debug\FluidField2D.obj
         Debug\Int3.obj
         Debug\main.obj
         Debug\ScreenQuad.obj
         Debug\VolumeCube.obj
       Manifest:
         C:\Program Files (x86)\Microsoft SDKs\Windows\v7.0A\bin\mt.exe /nologo /verbose /out:"Debug\LiquidVolumeRender.exe.embed.manifest" /manifest Debug\LiquidVolumeRender.exe.intermediate.manifest
         All outputs are up-to-date.
       LinkEmbedManifest:
         All outputs are up-to-date.
         LiquidVolumeRender.vcxproj -> C:\Users\Scott\Dropbox\Programming\CLPlayground\Debug\LiquidVolumeRender.exe
       FinalizeBuildStatus:
         Deleting file "Debug\LiquidVolumeRender.unsuccessfulbuild".
         Touching "Debug\LiquidVolumeRender.lastbuildstate".
     1>Done Building Project "C:\Users\Scott\Dropbox\Programming\CLPlayground\LiquidVolumeRender\LiquidVolumeRender.vcxproj" (build target(s)).

Build succeeded.

Time Elapsed 00:00:01.39
