C:\DERP\SUBMITFRACTAL\CLPLAYGROUND\COMPONENTS\BIN\PARALLEL-D.LIB
C:\DERP\SUBMITFRACTAL\CLPLAYGROUND\COMPONENTS\TOCS\PARALLEL\DEBUG\BUFFERBASE.OBJ
C:\DERP\SUBMITFRACTAL\CLPLAYGROUND\COMPONENTS\TOCS\PARALLEL\DEBUG\COMMANDQUEUE.OBJ
C:\DERP\SUBMITFRACTAL\CLPLAYGROUND\COMPONENTS\TOCS\PARALLEL\DEBUG\COMPILERESULTS.OBJ
C:\DERP\SUBMITFRACTAL\CLPLAYGROUND\COMPONENTS\TOCS\PARALLEL\DEBUG\CONTEXT.OBJ
C:\DERP\SUBMITFRACTAL\CLPLAYGROUND\COMPONENTS\TOCS\PARALLEL\DEBUG\DEPENDS.OBJ
C:\DERP\SUBMITFRACTAL\CLPLAYGROUND\COMPONENTS\TOCS\PARALLEL\DEBUG\DEVICE.OBJ
C:\DERP\SUBMITFRACTAL\CLPLAYGROUND\COMPONENTS\TOCS\PARALLEL\DEBUG\ENUMS.OBJ
C:\DERP\SUBMITFRACTAL\CLPLAYGROUND\COMPONENTS\TOCS\PARALLEL\DEBUG\EVENT.OBJ
C:\DERP\SUBMITFRACTAL\CLPLAYGROUND\COMPONENTS\TOCS\PARALLEL\DEBUG\IMAGE2D.OBJ
C:\DERP\SUBMITFRACTAL\CLPLAYGROUND\COMPONENTS\TOCS\PARALLEL\DEBUG\IMAGEFORMAT.OBJ
C:\DERP\SUBMITFRACTAL\CLPLAYGROUND\COMPONENTS\TOCS\PARALLEL\DEBUG\INTERMEDIATEEVENT.OBJ
C:\DERP\SUBMITFRACTAL\CLPLAYGROUND\COMPONENTS\TOCS\PARALLEL\DEBUG\KERNELBASE.OBJ
C:\DERP\SUBMITFRACTAL\CLPLAYGROUND\COMPONENTS\TOCS\PARALLEL\DEBUG\PLATFORM.OBJ
C:\DERP\SUBMITFRACTAL\CLPLAYGROUND\COMPONENTS\TOCS\PARALLEL\DEBUG\PROGRAM.OBJ
C:\DERP\SUBMITFRACTAL\CLPLAYGROUND\COMPONENTS\TOCS\PARALLEL\DEBUG\VC100.PDB
C:\Users\Scott\Dropbox\Programming\CLPlayground\\Components\bin\Parallel-d.lib
C:\USERS\SCOTT\DROPBOX\PROGRAMMING\CLPLAYGROUND\COMPONENTS\BIN\PARALLEL-D.LIB
C:\USERS\SCOTT\DROPBOX\PROGRAMMING\CLPLAYGROUND\COMPONENTS\TOCS\PARALLEL\DEBUG\BUFFERBASE.OBJ
C:\Users\Scott\Dropbox\Programming\CLPlayground\Components\Tocs\Parallel\Debug\cl.command.1.tlog
C:\Users\Scott\Dropbox\Programming\CLPlayground\Components\Tocs\Parallel\Debug\CL.read.1.tlog
C:\Users\Scott\Dropbox\Programming\CLPlayground\Components\Tocs\Parallel\Debug\CL.write.1.tlog
C:\USERS\SCOTT\DROPBOX\PROGRAMMING\CLPLAYGROUND\COMPONENTS\TOCS\PARALLEL\DEBUG\COMMANDQUEUE.OBJ
C:\USERS\SCOTT\DROPBOX\PROGRAMMING\CLPLAYGROUND\COMPONENTS\TOCS\PARALLEL\DEBUG\COMPILERESULTS.OBJ
C:\USERS\SCOTT\DROPBOX\PROGRAMMING\CLPLAYGROUND\COMPONENTS\TOCS\PARALLEL\DEBUG\CONTEXT.OBJ
C:\USERS\SCOTT\DROPBOX\PROGRAMMING\CLPLAYGROUND\COMPONENTS\TOCS\PARALLEL\DEBUG\DEPENDS.OBJ
C:\USERS\SCOTT\DROPBOX\PROGRAMMING\CLPLAYGROUND\COMPONENTS\TOCS\PARALLEL\DEBUG\DEVICE.OBJ
C:\USERS\SCOTT\DROPBOX\PROGRAMMING\CLPLAYGROUND\COMPONENTS\TOCS\PARALLEL\DEBUG\ENUMS.OBJ
C:\USERS\SCOTT\DROPBOX\PROGRAMMING\CLPLAYGROUND\COMPONENTS\TOCS\PARALLEL\DEBUG\ERRORCHECK.OBJ
C:\USERS\SCOTT\DROPBOX\PROGRAMMING\CLPLAYGROUND\COMPONENTS\TOCS\PARALLEL\DEBUG\EVENT.OBJ
C:\USERS\SCOTT\DROPBOX\PROGRAMMING\CLPLAYGROUND\COMPONENTS\TOCS\PARALLEL\DEBUG\IMAGE2D.OBJ
C:\USERS\SCOTT\DROPBOX\PROGRAMMING\CLPLAYGROUND\COMPONENTS\TOCS\PARALLEL\DEBUG\IMAGE3D.OBJ
C:\USERS\SCOTT\DROPBOX\PROGRAMMING\CLPLAYGROUND\COMPONENTS\TOCS\PARALLEL\DEBUG\IMAGEFORMAT.OBJ
C:\USERS\SCOTT\DROPBOX\PROGRAMMING\CLPLAYGROUND\COMPONENTS\TOCS\PARALLEL\DEBUG\INTERMEDIATEEVENT.OBJ
C:\USERS\SCOTT\DROPBOX\PROGRAMMING\CLPLAYGROUND\COMPONENTS\TOCS\PARALLEL\DEBUG\KERNELBASE.OBJ
C:\Users\Scott\Dropbox\Programming\CLPlayground\Components\Tocs\Parallel\Debug\lib.command.1.tlog
C:\Users\Scott\Dropbox\Programming\CLPlayground\Components\Tocs\Parallel\Debug\Lib-link.read.1.tlog
C:\Users\Scott\Dropbox\Programming\CLPlayground\Components\Tocs\Parallel\Debug\Lib-link.write.1.tlog
C:\USERS\SCOTT\DROPBOX\PROGRAMMING\CLPLAYGROUND\COMPONENTS\TOCS\PARALLEL\DEBUG\PLATFORM.OBJ
C:\USERS\SCOTT\DROPBOX\PROGRAMMING\CLPLAYGROUND\COMPONENTS\TOCS\PARALLEL\DEBUG\PROGRAM.OBJ
C:\Users\Scott\Dropbox\Programming\CLPlayground\Components\Tocs\Parallel\Debug\vc100.idb
C:\USERS\SCOTT\DROPBOX\PROGRAMMING\CLPLAYGROUND\COMPONENTS\TOCS\PARALLEL\DEBUG\VC100.PDB
C:\USERS\TOCS\BOX\DROPBOX\PROGRAMMING\CLPLAYGROUND\COMPONENTS\BIN\PARALLEL-D.LIB
C:\USERS\TOCS\BOX\DROPBOX\PROGRAMMING\CLPLAYGROUND\COMPONENTS\TOCS\PARALLEL\DEBUG\BUFFERBASE.OBJ
C:\USERS\TOCS\BOX\DROPBOX\PROGRAMMING\CLPLAYGROUND\COMPONENTS\TOCS\PARALLEL\DEBUG\COMMANDQUEUE.OBJ
C:\USERS\TOCS\BOX\DROPBOX\PROGRAMMING\CLPLAYGROUND\COMPONENTS\TOCS\PARALLEL\DEBUG\COMPILERESULTS.OBJ
C:\USERS\TOCS\BOX\DROPBOX\PROGRAMMING\CLPLAYGROUND\COMPONENTS\TOCS\PARALLEL\DEBUG\CONTEXT.OBJ
C:\USERS\TOCS\BOX\DROPBOX\PROGRAMMING\CLPLAYGROUND\COMPONENTS\TOCS\PARALLEL\DEBUG\DEPENDS.OBJ
C:\USERS\TOCS\BOX\DROPBOX\PROGRAMMING\CLPLAYGROUND\COMPONENTS\TOCS\PARALLEL\DEBUG\DEVICE.OBJ
C:\USERS\TOCS\BOX\DROPBOX\PROGRAMMING\CLPLAYGROUND\COMPONENTS\TOCS\PARALLEL\DEBUG\ENUMS.OBJ
C:\USERS\TOCS\BOX\DROPBOX\PROGRAMMING\CLPLAYGROUND\COMPONENTS\TOCS\PARALLEL\DEBUG\ERRORCHECK.OBJ
C:\USERS\TOCS\BOX\DROPBOX\PROGRAMMING\CLPLAYGROUND\COMPONENTS\TOCS\PARALLEL\DEBUG\EVENT.OBJ
C:\USERS\TOCS\BOX\DROPBOX\PROGRAMMING\CLPLAYGROUND\COMPONENTS\TOCS\PARALLEL\DEBUG\IMAGE2D.OBJ
C:\USERS\TOCS\BOX\DROPBOX\PROGRAMMING\CLPLAYGROUND\COMPONENTS\TOCS\PARALLEL\DEBUG\IMAGE3D.OBJ
C:\USERS\TOCS\BOX\DROPBOX\PROGRAMMING\CLPLAYGROUND\COMPONENTS\TOCS\PARALLEL\DEBUG\IMAGEFORMAT.OBJ
C:\USERS\TOCS\BOX\DROPBOX\PROGRAMMING\CLPLAYGROUND\COMPONENTS\TOCS\PARALLEL\DEBUG\INTERMEDIATEEVENT.OBJ
C:\USERS\TOCS\BOX\DROPBOX\PROGRAMMING\CLPLAYGROUND\COMPONENTS\TOCS\PARALLEL\DEBUG\KERNELBASE.OBJ
C:\USERS\TOCS\BOX\DROPBOX\PROGRAMMING\CLPLAYGROUND\COMPONENTS\TOCS\PARALLEL\DEBUG\PLATFORM.OBJ
C:\USERS\TOCS\BOX\DROPBOX\PROGRAMMING\CLPLAYGROUND\COMPONENTS\TOCS\PARALLEL\DEBUG\PROGRAM.OBJ
C:\USERS\TOCS\BOX\DROPBOX\PROGRAMMING\CLPLAYGROUND\COMPONENTS\TOCS\PARALLEL\DEBUG\VC100.PDB
