Build started 3/26/2013 12:11:59 PM.
     1>Project "C:\Users\Scott\Dropbox\Programming\CLPlayground\Components\Tocs\Parallel\Parallel.vcxproj" on node 2 (build target(s)).
     1>C:\Program Files (x86)\MSBuild\Microsoft.Cpp\v4.0\Microsoft.CppBuild.targets(299,5): warning MSB8004: Output Directory does not end with a trailing slash.  This build instance will add the slash as it is required to allow proper evaluation of the Output Directory.
     1>InitializeBuildStatus:
         Creating "Debug\Parallel.unsuccessfulbuild" because "AlwaysCreate" was specified.
       ClCompile:
         C:\Program Files (x86)\Microsoft Visual Studio 10.0\VC\bin\CL.exe /c /I"C:\Program Files\NVIDIA GPU Computing Toolkit\CUDA\v4.2\include" /IC:\Users\Scott\Dropbox\Programming\CLPlayground\/Components /IC:\Users\Scott\Dropbox\Programming\CLPlayground\/Libs/glew/include /ZI /nologo /W3 /WX- /Od /Oy- /D WIN32 /D _DEBUG /D _CONSOLE /Gm /EHsc /RTC1 /MDd /GS /fp:precise /Zc:wchar_t /Zc:forScope /Fo"Debug\\" /Fd"Debug\vc100.pdb" /Gd /TP /analyze- /errorReport:prompt Image3D.cpp
         Skipping... (no relevant changes detected)
         Image3D.cpp
       Lib:
         C:\Program Files (x86)\Microsoft Visual Studio 10.0\VC\bin\Lib.exe /OUT:"C:\Users\Scott\Dropbox\Programming\CLPlayground\\Components\bin\Parallel-d.lib" OpenCL.lib /LIBPATH:"C:\Program Files\NVIDIA GPU Computing Toolkit\CUDA\v4.2\lib\Win32" /NOLOGO Debug\BufferBase.obj
         Debug\CommandQueue.obj
         Debug\CompileResults.obj
         Debug\Context.obj
         Debug\Depends.obj
         Debug\Device.obj
         Debug\Enums.obj
         Debug\ErrorCheck.obj
         Debug\Event.obj
         Debug\Image2D.obj
         Debug\Image3D.obj
         Debug\ImageFormat.obj
         Debug\IntermediateEvent.obj
         Debug\KernelBase.obj
         Debug\Platform.obj
         Debug\Program.obj
     1>CompileResults.obj : warning LNK4221: This object file does not define any previously undefined public symbols, so it will not be used by any link operation that consumes this library
         Parallel.vcxproj -> C:\Users\Scott\Dropbox\Programming\CLPlayground\\Components\bin\Parallel-d.lib
       FinalizeBuildStatus:
         Deleting file "Debug\Parallel.unsuccessfulbuild".
         Touching "Debug\Parallel.lastbuildstate".
     1>Done Building Project "C:\Users\Scott\Dropbox\Programming\CLPlayground\Components\Tocs\Parallel\Parallel.vcxproj" (build target(s)).

Build succeeded.

Time Elapsed 00:00:02.45
