Build started 3/26/2013 12:11:56 PM.
     1>Project "C:\Users\Scott\Dropbox\Programming\CLPlayground\Components\Tocs\Input\Input.vcxproj" on node 3 (build target(s)).
     1>C:\Program Files (x86)\MSBuild\Microsoft.Cpp\v4.0\Microsoft.CppBuild.targets(299,5): warning MSB8004: Output Directory does not end with a trailing slash.  This build instance will add the slash as it is required to allow proper evaluation of the Output Directory.
     1>InitializeBuildStatus:
         Creating "Debug\Input.unsuccessfulbuild" because "AlwaysCreate" was specified.
       ClCompile:
         C:\Program Files (x86)\Microsoft Visual Studio 10.0\VC\bin\CL.exe /c /ZI /nologo /W3 /WX- /Od /Oy- /D WIN32 /D _DEBUG /D _CONSOLE /D _UNICODE /D UNICODE /Gm /EHsc /RTC1 /MDd /GS /fp:precise /Zc:wchar_t /Zc:forScope /Fo"Debug\\" /Fd"Debug\vc100.pdb" /Gd /TP /analyze- /errorReport:prompt Mouse.cpp
         Skipping... (no relevant changes detected)
         Mouse.cpp
       Lib:
         C:\Program Files (x86)\Microsoft Visual Studio 10.0\VC\bin\Lib.exe /OUT:"C:\Users\Scott\Dropbox\Programming\CLPlayground\\Components\bin\Input-d.lib" /NOLOGO Debug\InputManager.obj
         Debug\Keyboard.obj
         Debug\Mouse.obj
         Input.vcxproj -> C:\Users\Scott\Dropbox\Programming\CLPlayground\\Components\bin\Input-d.lib
       FinalizeBuildStatus:
         Deleting file "Debug\Input.unsuccessfulbuild".
         Touching "Debug\Input.lastbuildstate".
     1>Done Building Project "C:\Users\Scott\Dropbox\Programming\CLPlayground\Components\Tocs\Input\Input.vcxproj" (build target(s)).

Build succeeded.

Time Elapsed 00:00:00.60
