C:\Users\Scott\Dropbox\Programming\CLPlayground\\Components\bin\Graphics-d.lib
C:\USERS\SCOTT\DROPBOX\PROGRAMMING\CLPLAYGROUND\COMPONENTS\BIN\GRAPHICS-D.LIB
C:\Users\Scott\Dropbox\Programming\CLPlayground\Components\Tocs\Graphics\Debug\cl.command.1.tlog
C:\Users\Scott\Dropbox\Programming\CLPlayground\Components\Tocs\Graphics\Debug\CL.read.1.tlog
C:\Users\Scott\Dropbox\Programming\CLPlayground\Components\Tocs\Graphics\Debug\CL.write.1.tlog
C:\USERS\SCOTT\DROPBOX\PROGRAMMING\CLPLAYGROUND\COMPONENTS\TOCS\GRAPHICS\DEBUG\COLOR.OBJ
C:\USERS\SCOTT\DROPBOX\PROGRAMMING\CLPLAYGROUND\COMPONENTS\TOCS\GRAPHICS\DEBUG\CONTEXTTARGET.OBJ
C:\USERS\SCOTT\DROPBOX\PROGRAMMING\CLPLAYGROUND\COMPONENTS\TOCS\GRAPHICS\DEBUG\DEPTHSTENCILBUFFER.OBJ
C:\USERS\SCOTT\DROPBOX\PROGRAMMING\CLPLAYGROUND\COMPONENTS\TOCS\GRAPHICS\DEBUG\ERRORHANDLING.OBJ
C:\USERS\SCOTT\DROPBOX\PROGRAMMING\CLPLAYGROUND\COMPONENTS\TOCS\GRAPHICS\DEBUG\GRAPHICSCONTEXT.OBJ
C:\USERS\SCOTT\DROPBOX\PROGRAMMING\CLPLAYGROUND\COMPONENTS\TOCS\GRAPHICS\DEBUG\IBO.OBJ
C:\Users\Scott\Dropbox\Programming\CLPlayground\Components\Tocs\Graphics\Debug\lib.command.1.tlog
C:\Users\Scott\Dropbox\Programming\CLPlayground\Components\Tocs\Graphics\Debug\Lib-link.read.1.tlog
C:\Users\Scott\Dropbox\Programming\CLPlayground\Components\Tocs\Graphics\Debug\Lib-link.write.1.tlog
C:\USERS\SCOTT\DROPBOX\PROGRAMMING\CLPLAYGROUND\COMPONENTS\TOCS\GRAPHICS\DEBUG\RENDERTARGET.OBJ
C:\USERS\SCOTT\DROPBOX\PROGRAMMING\CLPLAYGROUND\COMPONENTS\TOCS\GRAPHICS\DEBUG\SHADER.OBJ
C:\USERS\SCOTT\DROPBOX\PROGRAMMING\CLPLAYGROUND\COMPONENTS\TOCS\GRAPHICS\DEBUG\SHADERCODE.OBJ
C:\USERS\SCOTT\DROPBOX\PROGRAMMING\CLPLAYGROUND\COMPONENTS\TOCS\GRAPHICS\DEBUG\SHADERTYPES.OBJ
C:\USERS\SCOTT\DROPBOX\PROGRAMMING\CLPLAYGROUND\COMPONENTS\TOCS\GRAPHICS\DEBUG\SHADERUNIFORM.OBJ
C:\USERS\SCOTT\DROPBOX\PROGRAMMING\CLPLAYGROUND\COMPONENTS\TOCS\GRAPHICS\DEBUG\SHADERUNIFORMSET.OBJ
C:\USERS\SCOTT\DROPBOX\PROGRAMMING\CLPLAYGROUND\COMPONENTS\TOCS\GRAPHICS\DEBUG\SIMPLEWINDOW.OBJ
C:\USERS\SCOTT\DROPBOX\PROGRAMMING\CLPLAYGROUND\COMPONENTS\TOCS\GRAPHICS\DEBUG\TEXTURE.OBJ
C:\USERS\SCOTT\DROPBOX\PROGRAMMING\CLPLAYGROUND\COMPONENTS\TOCS\GRAPHICS\DEBUG\TEXTURE3D.OBJ
C:\USERS\SCOTT\DROPBOX\PROGRAMMING\CLPLAYGROUND\COMPONENTS\TOCS\GRAPHICS\DEBUG\TEXTUREFORMAT.OBJ
C:\USERS\SCOTT\DROPBOX\PROGRAMMING\CLPLAYGROUND\COMPONENTS\TOCS\GRAPHICS\DEBUG\VAO.OBJ
C:\USERS\SCOTT\DROPBOX\PROGRAMMING\CLPLAYGROUND\COMPONENTS\TOCS\GRAPHICS\DEBUG\VBO.OBJ
C:\Users\Scott\Dropbox\Programming\CLPlayground\Components\Tocs\Graphics\Debug\vc100.idb
C:\USERS\SCOTT\DROPBOX\PROGRAMMING\CLPLAYGROUND\COMPONENTS\TOCS\GRAPHICS\DEBUG\VC100.PDB
C:\USERS\SCOTT\DROPBOX\PROGRAMMING\CLPLAYGROUND\COMPONENTS\TOCS\GRAPHICS\DEBUG\VERTEXFORMAT.OBJ
C:\USERS\SCOTT\DROPBOX\PROGRAMMING\THEPROJECT\GAME\COMPONENTS\BIN\GRAPHICS-D.LIB
C:\USERS\SCOTT\DROPBOX\PROGRAMMING\THEPROJECT\GAME\COMPONENTS\TOCS\GRAPHICS\DEBUG\COLOR.OBJ
C:\USERS\SCOTT\DROPBOX\PROGRAMMING\THEPROJECT\GAME\COMPONENTS\TOCS\GRAPHICS\DEBUG\CONTEXTTARGET.OBJ
C:\USERS\SCOTT\DROPBOX\PROGRAMMING\THEPROJECT\GAME\COMPONENTS\TOCS\GRAPHICS\DEBUG\DEPTHSTENCILBUFFER.OBJ
C:\USERS\SCOTT\DROPBOX\PROGRAMMING\THEPROJECT\GAME\COMPONENTS\TOCS\GRAPHICS\DEBUG\ERRORHANDLING.OBJ
C:\USERS\SCOTT\DROPBOX\PROGRAMMING\THEPROJECT\GAME\COMPONENTS\TOCS\GRAPHICS\DEBUG\GRAPHICSCONTEXT.OBJ
C:\USERS\SCOTT\DROPBOX\PROGRAMMING\THEPROJECT\GAME\COMPONENTS\TOCS\GRAPHICS\DEBUG\IBO.OBJ
C:\USERS\SCOTT\DROPBOX\PROGRAMMING\THEPROJECT\GAME\COMPONENTS\TOCS\GRAPHICS\DEBUG\RENDERTARGET.OBJ
C:\USERS\SCOTT\DROPBOX\PROGRAMMING\THEPROJECT\GAME\COMPONENTS\TOCS\GRAPHICS\DEBUG\SHADER.OBJ
C:\USERS\SCOTT\DROPBOX\PROGRAMMING\THEPROJECT\GAME\COMPONENTS\TOCS\GRAPHICS\DEBUG\SHADERCODE.OBJ
C:\USERS\SCOTT\DROPBOX\PROGRAMMING\THEPROJECT\GAME\COMPONENTS\TOCS\GRAPHICS\DEBUG\SHADERTYPES.OBJ
C:\USERS\SCOTT\DROPBOX\PROGRAMMING\THEPROJECT\GAME\COMPONENTS\TOCS\GRAPHICS\DEBUG\SHADERUNIFORM.OBJ
C:\USERS\SCOTT\DROPBOX\PROGRAMMING\THEPROJECT\GAME\COMPONENTS\TOCS\GRAPHICS\DEBUG\SHADERUNIFORMSET.OBJ
C:\USERS\SCOTT\DROPBOX\PROGRAMMING\THEPROJECT\GAME\COMPONENTS\TOCS\GRAPHICS\DEBUG\SIMPLEWINDOW.OBJ
C:\USERS\SCOTT\DROPBOX\PROGRAMMING\THEPROJECT\GAME\COMPONENTS\TOCS\GRAPHICS\DEBUG\TEXTURE.OBJ
C:\USERS\SCOTT\DROPBOX\PROGRAMMING\THEPROJECT\GAME\COMPONENTS\TOCS\GRAPHICS\DEBUG\TEXTUREFORMAT.OBJ
C:\USERS\SCOTT\DROPBOX\PROGRAMMING\THEPROJECT\GAME\COMPONENTS\TOCS\GRAPHICS\DEBUG\VAO.OBJ
C:\USERS\SCOTT\DROPBOX\PROGRAMMING\THEPROJECT\GAME\COMPONENTS\TOCS\GRAPHICS\DEBUG\VBO.OBJ
C:\USERS\SCOTT\DROPBOX\PROGRAMMING\THEPROJECT\GAME\COMPONENTS\TOCS\GRAPHICS\DEBUG\VC100.PDB
C:\USERS\SCOTT\DROPBOX\PROGRAMMING\THEPROJECT\GAME\COMPONENTS\TOCS\GRAPHICS\DEBUG\VERTEXFORMAT.OBJ
C:\USERS\TOCS\BOX\DROPBOX\PROGRAMMING\CLPLAYGROUND\COMPONENTS\BIN\GRAPHICS-D.LIB
C:\USERS\TOCS\BOX\DROPBOX\PROGRAMMING\CLPLAYGROUND\COMPONENTS\TOCS\GRAPHICS\DEBUG\COLOR.OBJ
C:\USERS\TOCS\BOX\DROPBOX\PROGRAMMING\CLPLAYGROUND\COMPONENTS\TOCS\GRAPHICS\DEBUG\CONTEXTTARGET.OBJ
C:\USERS\TOCS\BOX\DROPBOX\PROGRAMMING\CLPLAYGROUND\COMPONENTS\TOCS\GRAPHICS\DEBUG\DEPTHSTENCILBUFFER.OBJ
C:\USERS\TOCS\BOX\DROPBOX\PROGRAMMING\CLPLAYGROUND\COMPONENTS\TOCS\GRAPHICS\DEBUG\ERRORHANDLING.OBJ
C:\USERS\TOCS\BOX\DROPBOX\PROGRAMMING\CLPLAYGROUND\COMPONENTS\TOCS\GRAPHICS\DEBUG\GRAPHICSCONTEXT.OBJ
C:\USERS\TOCS\BOX\DROPBOX\PROGRAMMING\CLPLAYGROUND\COMPONENTS\TOCS\GRAPHICS\DEBUG\IBO.OBJ
C:\USERS\TOCS\BOX\DROPBOX\PROGRAMMING\CLPLAYGROUND\COMPONENTS\TOCS\GRAPHICS\DEBUG\RENDERTARGET.OBJ
C:\USERS\TOCS\BOX\DROPBOX\PROGRAMMING\CLPLAYGROUND\COMPONENTS\TOCS\GRAPHICS\DEBUG\SHADER.OBJ
C:\USERS\TOCS\BOX\DROPBOX\PROGRAMMING\CLPLAYGROUND\COMPONENTS\TOCS\GRAPHICS\DEBUG\SHADERCODE.OBJ
C:\USERS\TOCS\BOX\DROPBOX\PROGRAMMING\CLPLAYGROUND\COMPONENTS\TOCS\GRAPHICS\DEBUG\SHADERTYPES.OBJ
C:\USERS\TOCS\BOX\DROPBOX\PROGRAMMING\CLPLAYGROUND\COMPONENTS\TOCS\GRAPHICS\DEBUG\SHADERUNIFORM.OBJ
C:\USERS\TOCS\BOX\DROPBOX\PROGRAMMING\CLPLAYGROUND\COMPONENTS\TOCS\GRAPHICS\DEBUG\SHADERUNIFORMSET.OBJ
C:\USERS\TOCS\BOX\DROPBOX\PROGRAMMING\CLPLAYGROUND\COMPONENTS\TOCS\GRAPHICS\DEBUG\SIMPLEWINDOW.OBJ
C:\USERS\TOCS\BOX\DROPBOX\PROGRAMMING\CLPLAYGROUND\COMPONENTS\TOCS\GRAPHICS\DEBUG\TEXTURE.OBJ
C:\USERS\TOCS\BOX\DROPBOX\PROGRAMMING\CLPLAYGROUND\COMPONENTS\TOCS\GRAPHICS\DEBUG\TEXTURE3D.OBJ
C:\USERS\TOCS\BOX\DROPBOX\PROGRAMMING\CLPLAYGROUND\COMPONENTS\TOCS\GRAPHICS\DEBUG\TEXTUREFORMAT.OBJ
C:\USERS\TOCS\BOX\DROPBOX\PROGRAMMING\CLPLAYGROUND\COMPONENTS\TOCS\GRAPHICS\DEBUG\VAO.OBJ
C:\USERS\TOCS\BOX\DROPBOX\PROGRAMMING\CLPLAYGROUND\COMPONENTS\TOCS\GRAPHICS\DEBUG\VBO.OBJ
C:\USERS\TOCS\BOX\DROPBOX\PROGRAMMING\CLPLAYGROUND\COMPONENTS\TOCS\GRAPHICS\DEBUG\VC100.PDB
C:\USERS\TOCS\BOX\DROPBOX\PROGRAMMING\CLPLAYGROUND\COMPONENTS\TOCS\GRAPHICS\DEBUG\VERTEXFORMAT.OBJ
C:\USERS\TOCS\BOX\DROPBOX\PROGRAMMING\THEPROJECT\GAME\COMPONENTS\BIN\GRAPHICS-D.LIB
C:\USERS\TOCS\BOX\DROPBOX\PROGRAMMING\THEPROJECT\GAME\COMPONENTS\TOCS\GRAPHICS\DEBUG\COLOR.OBJ
C:\USERS\TOCS\BOX\DROPBOX\PROGRAMMING\THEPROJECT\GAME\COMPONENTS\TOCS\GRAPHICS\DEBUG\CONTEXTTARGET.OBJ
C:\USERS\TOCS\BOX\DROPBOX\PROGRAMMING\THEPROJECT\GAME\COMPONENTS\TOCS\GRAPHICS\DEBUG\DEPTHSTENCILBUFFER.OBJ
C:\USERS\TOCS\BOX\DROPBOX\PROGRAMMING\THEPROJECT\GAME\COMPONENTS\TOCS\GRAPHICS\DEBUG\ERRORHANDLING.OBJ
C:\USERS\TOCS\BOX\DROPBOX\PROGRAMMING\THEPROJECT\GAME\COMPONENTS\TOCS\GRAPHICS\DEBUG\GRAPHICSCONTEXT.OBJ
C:\USERS\TOCS\BOX\DROPBOX\PROGRAMMING\THEPROJECT\GAME\COMPONENTS\TOCS\GRAPHICS\DEBUG\IBO.OBJ
C:\USERS\TOCS\BOX\DROPBOX\PROGRAMMING\THEPROJECT\GAME\COMPONENTS\TOCS\GRAPHICS\DEBUG\RENDERTARGET.OBJ
C:\USERS\TOCS\BOX\DROPBOX\PROGRAMMING\THEPROJECT\GAME\COMPONENTS\TOCS\GRAPHICS\DEBUG\SHADER.OBJ
C:\USERS\TOCS\BOX\DROPBOX\PROGRAMMING\THEPROJECT\GAME\COMPONENTS\TOCS\GRAPHICS\DEBUG\SHADERCODE.OBJ
C:\USERS\TOCS\BOX\DROPBOX\PROGRAMMING\THEPROJECT\GAME\COMPONENTS\TOCS\GRAPHICS\DEBUG\SHADERTYPES.OBJ
C:\USERS\TOCS\BOX\DROPBOX\PROGRAMMING\THEPROJECT\GAME\COMPONENTS\TOCS\GRAPHICS\DEBUG\SHADERUNIFORM.OBJ
C:\USERS\TOCS\BOX\DROPBOX\PROGRAMMING\THEPROJECT\GAME\COMPONENTS\TOCS\GRAPHICS\DEBUG\SHADERUNIFORMSET.OBJ
C:\USERS\TOCS\BOX\DROPBOX\PROGRAMMING\THEPROJECT\GAME\COMPONENTS\TOCS\GRAPHICS\DEBUG\SIMPLEWINDOW.OBJ
C:\USERS\TOCS\BOX\DROPBOX\PROGRAMMING\THEPROJECT\GAME\COMPONENTS\TOCS\GRAPHICS\DEBUG\TEXTURE.OBJ
C:\USERS\TOCS\BOX\DROPBOX\PROGRAMMING\THEPROJECT\GAME\COMPONENTS\TOCS\GRAPHICS\DEBUG\TEXTUREFORMAT.OBJ
C:\USERS\TOCS\BOX\DROPBOX\PROGRAMMING\THEPROJECT\GAME\COMPONENTS\TOCS\GRAPHICS\DEBUG\VAO.OBJ
C:\USERS\TOCS\BOX\DROPBOX\PROGRAMMING\THEPROJECT\GAME\COMPONENTS\TOCS\GRAPHICS\DEBUG\VBO.OBJ
C:\USERS\TOCS\BOX\DROPBOX\PROGRAMMING\THEPROJECT\GAME\COMPONENTS\TOCS\GRAPHICS\DEBUG\VC100.PDB
C:\USERS\TOCS\BOX\DROPBOX\PROGRAMMING\THEPROJECT\GAME\COMPONENTS\TOCS\GRAPHICS\DEBUG\VERTEXFORMAT.OBJ
