C:\DERP\SUBMITFRACTAL\CLPLAYGROUND\COMPONENTS\BIN\DRAWING-D.LIB
C:\DERP\SUBMITFRACTAL\CLPLAYGROUND\COMPONENTS\TOCS\DRAWING\DEBUG\ANIMATEDGIF.OBJ
C:\DERP\SUBMITFRACTAL\CLPLAYGROUND\COMPONENTS\TOCS\DRAWING\DEBUG\COLOR.OBJ
C:\DERP\SUBMITFRACTAL\CLPLAYGROUND\COMPONENTS\TOCS\DRAWING\DEBUG\IMAGE.OBJ
C:\DERP\SUBMITFRACTAL\CLPLAYGROUND\COMPONENTS\TOCS\DRAWING\DEBUG\VC100.PDB
C:\Users\Scott\Dropbox\Programming\CLPlayground\/Components/bin\Drawing-d.lib
C:\USERS\SCOTT\DROPBOX\PROGRAMMING\CLPLAYGROUND\COMPONENTS\BIN\DRAWING-D.LIB
C:\USERS\SCOTT\DROPBOX\PROGRAMMING\CLPLAYGROUND\COMPONENTS\TOCS\DRAWING\DEBUG\ANIMATEDGIF.OBJ
C:\Users\Scott\Dropbox\Programming\CLPlayground\Components\Tocs\Drawing\Debug\cl.command.1.tlog
C:\Users\Scott\Dropbox\Programming\CLPlayground\Components\Tocs\Drawing\Debug\CL.read.1.tlog
C:\Users\Scott\Dropbox\Programming\CLPlayground\Components\Tocs\Drawing\Debug\CL.write.1.tlog
C:\USERS\SCOTT\DROPBOX\PROGRAMMING\CLPLAYGROUND\COMPONENTS\TOCS\DRAWING\DEBUG\COLOR.OBJ
C:\USERS\SCOTT\DROPBOX\PROGRAMMING\CLPLAYGROUND\COMPONENTS\TOCS\DRAWING\DEBUG\IMAGE.OBJ
C:\Users\Scott\Dropbox\Programming\CLPlayground\Components\Tocs\Drawing\Debug\lib.command.1.tlog
C:\Users\Scott\Dropbox\Programming\CLPlayground\Components\Tocs\Drawing\Debug\Lib-link.read.1.tlog
C:\Users\Scott\Dropbox\Programming\CLPlayground\Components\Tocs\Drawing\Debug\Lib-link.write.1.tlog
C:\Users\Scott\Dropbox\Programming\CLPlayground\Components\Tocs\Drawing\Debug\vc100.idb
C:\USERS\SCOTT\DROPBOX\PROGRAMMING\CLPLAYGROUND\COMPONENTS\TOCS\DRAWING\DEBUG\VC100.PDB
C:\USERS\TOCS\BOX\DROPBOX\PROGRAMMING\CLPLAYGROUND\COMPONENTS\BIN\DRAWING-D.LIB
C:\USERS\TOCS\BOX\DROPBOX\PROGRAMMING\CLPLAYGROUND\COMPONENTS\TOCS\DRAWING\DEBUG\ANIMATEDGIF.OBJ
C:\USERS\TOCS\BOX\DROPBOX\PROGRAMMING\CLPLAYGROUND\COMPONENTS\TOCS\DRAWING\DEBUG\COLOR.OBJ
C:\USERS\TOCS\BOX\DROPBOX\PROGRAMMING\CLPLAYGROUND\COMPONENTS\TOCS\DRAWING\DEBUG\IMAGE.OBJ
C:\USERS\TOCS\BOX\DROPBOX\PROGRAMMING\CLPLAYGROUND\COMPONENTS\TOCS\DRAWING\DEBUG\VC100.PDB
