C:\Users\Scott\Dropbox\Programming\CLPlayground\\Components\bin\Math-d.lib
C:\USERS\SCOTT\DROPBOX\PROGRAMMING\CLPLAYGROUND\COMPONENTS\BIN\MATH-D.LIB
C:\USERS\SCOTT\DROPBOX\PROGRAMMING\CLPLAYGROUND\COMPONENTS\TOCS\MATH\DEBUG\BEZIERCURVE.OBJ
C:\Users\Scott\Dropbox\Programming\CLPlayground\Components\Tocs\Math\Debug\cl.command.1.tlog
C:\Users\Scott\Dropbox\Programming\CLPlayground\Components\Tocs\Math\Debug\CL.read.1.tlog
C:\Users\Scott\Dropbox\Programming\CLPlayground\Components\Tocs\Math\Debug\CL.write.1.tlog
C:\Users\Scott\Dropbox\Programming\CLPlayground\Components\Tocs\Math\Debug\lib.command.1.tlog
C:\Users\Scott\Dropbox\Programming\CLPlayground\Components\Tocs\Math\Debug\Lib-link.read.1.tlog
C:\Users\Scott\Dropbox\Programming\CLPlayground\Components\Tocs\Math\Debug\Lib-link.write.1.tlog
C:\USERS\SCOTT\DROPBOX\PROGRAMMING\CLPLAYGROUND\COMPONENTS\TOCS\MATH\DEBUG\MATRIX4.OBJ
C:\USERS\SCOTT\DROPBOX\PROGRAMMING\CLPLAYGROUND\COMPONENTS\TOCS\MATH\DEBUG\OPERATORS.OBJ
C:\USERS\SCOTT\DROPBOX\PROGRAMMING\CLPLAYGROUND\COMPONENTS\TOCS\MATH\DEBUG\QUATERNION.OBJ
C:\USERS\SCOTT\DROPBOX\PROGRAMMING\CLPLAYGROUND\COMPONENTS\TOCS\MATH\DEBUG\RAY.OBJ
C:\USERS\SCOTT\DROPBOX\PROGRAMMING\CLPLAYGROUND\COMPONENTS\TOCS\MATH\DEBUG\TRANSFORM.OBJ
C:\Users\Scott\Dropbox\Programming\CLPlayground\Components\Tocs\Math\Debug\vc100.idb
C:\USERS\SCOTT\DROPBOX\PROGRAMMING\CLPLAYGROUND\COMPONENTS\TOCS\MATH\DEBUG\VC100.PDB
C:\USERS\SCOTT\DROPBOX\PROGRAMMING\CLPLAYGROUND\COMPONENTS\TOCS\MATH\DEBUG\VECTOR3.OBJ
C:\USERS\SCOTT\DROPBOX\PROGRAMMING\THEPROJECT\GAME\COMPONENTS\BIN\MATH-D.LIB
C:\USERS\SCOTT\DROPBOX\PROGRAMMING\THEPROJECT\GAME\COMPONENTS\TOCS\MATH\DEBUG\BEZIERCURVE.OBJ
C:\USERS\SCOTT\DROPBOX\PROGRAMMING\THEPROJECT\GAME\COMPONENTS\TOCS\MATH\DEBUG\MATRIX4.OBJ
C:\USERS\SCOTT\DROPBOX\PROGRAMMING\THEPROJECT\GAME\COMPONENTS\TOCS\MATH\DEBUG\OPERATORS.OBJ
C:\USERS\SCOTT\DROPBOX\PROGRAMMING\THEPROJECT\GAME\COMPONENTS\TOCS\MATH\DEBUG\QUATERNION.OBJ
C:\USERS\SCOTT\DROPBOX\PROGRAMMING\THEPROJECT\GAME\COMPONENTS\TOCS\MATH\DEBUG\RAY.OBJ
C:\USERS\SCOTT\DROPBOX\PROGRAMMING\THEPROJECT\GAME\COMPONENTS\TOCS\MATH\DEBUG\VC100.PDB
C:\USERS\SCOTT\DROPBOX\PROGRAMMING\THEPROJECT\GAME\COMPONENTS\TOCS\MATH\DEBUG\VECTOR3.OBJ
C:\USERS\TOCS\BOX\DROPBOX\PROGRAMMING\CLPLAYGROUND\COMPONENTS\BIN\MATH-D.LIB
C:\USERS\TOCS\BOX\DROPBOX\PROGRAMMING\CLPLAYGROUND\COMPONENTS\TOCS\MATH\DEBUG\BEZIERCURVE.OBJ
C:\USERS\TOCS\BOX\DROPBOX\PROGRAMMING\CLPLAYGROUND\COMPONENTS\TOCS\MATH\DEBUG\MATRIX4.OBJ
C:\USERS\TOCS\BOX\DROPBOX\PROGRAMMING\CLPLAYGROUND\COMPONENTS\TOCS\MATH\DEBUG\OPERATORS.OBJ
C:\USERS\TOCS\BOX\DROPBOX\PROGRAMMING\CLPLAYGROUND\COMPONENTS\TOCS\MATH\DEBUG\QUATERNION.OBJ
C:\USERS\TOCS\BOX\DROPBOX\PROGRAMMING\CLPLAYGROUND\COMPONENTS\TOCS\MATH\DEBUG\RAY.OBJ
C:\USERS\TOCS\BOX\DROPBOX\PROGRAMMING\CLPLAYGROUND\COMPONENTS\TOCS\MATH\DEBUG\TRANSFORM.OBJ
C:\USERS\TOCS\BOX\DROPBOX\PROGRAMMING\CLPLAYGROUND\COMPONENTS\TOCS\MATH\DEBUG\VC100.PDB
C:\USERS\TOCS\BOX\DROPBOX\PROGRAMMING\CLPLAYGROUND\COMPONENTS\TOCS\MATH\DEBUG\VECTOR3.OBJ
C:\USERS\TOCS\BOX\DROPBOX\PROGRAMMING\THEPROJECT\GAME\COMPONENTS\BIN\MATH-D.LIB
C:\USERS\TOCS\BOX\DROPBOX\PROGRAMMING\THEPROJECT\GAME\COMPONENTS\TOCS\MATH\DEBUG\BEZIERCURVE.OBJ
C:\USERS\TOCS\BOX\DROPBOX\PROGRAMMING\THEPROJECT\GAME\COMPONENTS\TOCS\MATH\DEBUG\MATRIX4.OBJ
C:\USERS\TOCS\BOX\DROPBOX\PROGRAMMING\THEPROJECT\GAME\COMPONENTS\TOCS\MATH\DEBUG\OPERATORS.OBJ
C:\USERS\TOCS\BOX\DROPBOX\PROGRAMMING\THEPROJECT\GAME\COMPONENTS\TOCS\MATH\DEBUG\QUATERNION.OBJ
C:\USERS\TOCS\BOX\DROPBOX\PROGRAMMING\THEPROJECT\GAME\COMPONENTS\TOCS\MATH\DEBUG\RAY.OBJ
C:\USERS\TOCS\BOX\DROPBOX\PROGRAMMING\THEPROJECT\GAME\COMPONENTS\TOCS\MATH\DEBUG\TRANSFORM.OBJ
C:\USERS\TOCS\BOX\DROPBOX\PROGRAMMING\THEPROJECT\GAME\COMPONENTS\TOCS\MATH\DEBUG\VC100.PDB
C:\USERS\TOCS\BOX\DROPBOX\PROGRAMMING\THEPROJECT\GAME\COMPONENTS\TOCS\MATH\DEBUG\VECTOR3.OBJ
