C:\Derp\SubmitFractal\CLPlayground\CLPlayground\Debug\cl.command.1.tlog
C:\Derp\SubmitFractal\CLPlayground\CLPlayground\Debug\CL.read.1.tlog
C:\Derp\SubmitFractal\CLPlayground\CLPlayground\Debug\CL.write.1.tlog
C:\Derp\SubmitFractal\CLPlayground\CLPlayground\Debug\CLPlayground.exe.embed.manifest
C:\Derp\SubmitFractal\CLPlayground\CLPlayground\Debug\CLPlayground.exe.embed.manifest.res
C:\Derp\SubmitFractal\CLPlayground\CLPlayground\Debug\CLPlayground.exe.intermediate.manifest
C:\Derp\SubmitFractal\CLPlayground\CLPlayground\Debug\CLPlayground_manifest.rc
C:\Derp\SubmitFractal\CLPlayground\CLPlayground\Debug\link.1156.read.1.tlog
C:\Derp\SubmitFractal\CLPlayground\CLPlayground\Debug\link.1156.read.2.tlog
C:\Derp\SubmitFractal\CLPlayground\CLPlayground\Debug\link.1156.write.1.tlog
C:\Derp\SubmitFractal\CLPlayground\CLPlayground\Debug\link.1156-cvtres.read.1.tlog
C:\Derp\SubmitFractal\CLPlayground\CLPlayground\Debug\link.1156-cvtres.write.1.tlog
C:\Derp\SubmitFractal\CLPlayground\CLPlayground\Debug\link.1196.read.1.tlog
C:\Derp\SubmitFractal\CLPlayground\CLPlayground\Debug\link.1196.write.1.tlog
C:\Derp\SubmitFractal\CLPlayground\CLPlayground\Debug\link.1196-cvtres.read.1.tlog
C:\Derp\SubmitFractal\CLPlayground\CLPlayground\Debug\link.1196-cvtres.write.1.tlog
C:\Derp\SubmitFractal\CLPlayground\CLPlayground\Debug\link.1216.read.1.tlog
C:\Derp\SubmitFractal\CLPlayground\CLPlayground\Debug\link.1216.read.2.tlog
C:\Derp\SubmitFractal\CLPlayground\CLPlayground\Debug\link.1216.write.1.tlog
C:\Derp\SubmitFractal\CLPlayground\CLPlayground\Debug\link.1216-cvtres.read.1.tlog
C:\Derp\SubmitFractal\CLPlayground\CLPlayground\Debug\link.1216-cvtres.write.1.tlog
C:\Derp\SubmitFractal\CLPlayground\CLPlayground\Debug\link.1340.read.1.tlog
C:\Derp\SubmitFractal\CLPlayground\CLPlayground\Debug\link.1340.read.2.tlog
C:\Derp\SubmitFractal\CLPlayground\CLPlayground\Debug\link.1340.write.1.tlog
C:\Derp\SubmitFractal\CLPlayground\CLPlayground\Debug\link.1340-cvtres.read.1.tlog
C:\Derp\SubmitFractal\CLPlayground\CLPlayground\Debug\link.1340-cvtres.write.1.tlog
C:\Derp\SubmitFractal\CLPlayground\CLPlayground\Debug\link.1396.read.1.tlog
C:\Derp\SubmitFractal\CLPlayground\CLPlayground\Debug\link.1396.write.1.tlog
C:\Derp\SubmitFractal\CLPlayground\CLPlayground\Debug\link.1396-cvtres.read.1.tlog
C:\Derp\SubmitFractal\CLPlayground\CLPlayground\Debug\link.1396-cvtres.write.1.tlog
C:\Derp\SubmitFractal\CLPlayground\CLPlayground\Debug\link.1652.read.1.tlog
C:\Derp\SubmitFractal\CLPlayground\CLPlayground\Debug\link.1652.write.1.tlog
C:\Derp\SubmitFractal\CLPlayground\CLPlayground\Debug\link.1652-cvtres.read.1.tlog
C:\Derp\SubmitFractal\CLPlayground\CLPlayground\Debug\link.1652-cvtres.write.1.tlog
C:\Derp\SubmitFractal\CLPlayground\CLPlayground\Debug\link.1804.read.1.tlog
C:\Derp\SubmitFractal\CLPlayground\CLPlayground\Debug\link.1804.write.1.tlog
C:\Derp\SubmitFractal\CLPlayground\CLPlayground\Debug\link.1804-cvtres.read.1.tlog
C:\Derp\SubmitFractal\CLPlayground\CLPlayground\Debug\link.1804-cvtres.write.1.tlog
C:\Derp\SubmitFractal\CLPlayground\CLPlayground\Debug\link.1872.read.1.tlog
C:\Derp\SubmitFractal\CLPlayground\CLPlayground\Debug\link.1872.write.1.tlog
C:\Derp\SubmitFractal\CLPlayground\CLPlayground\Debug\link.1872-cvtres.read.1.tlog
C:\Derp\SubmitFractal\CLPlayground\CLPlayground\Debug\link.1872-cvtres.write.1.tlog
C:\Derp\SubmitFractal\CLPlayground\CLPlayground\Debug\link.2016.read.1.tlog
C:\Derp\SubmitFractal\CLPlayground\CLPlayground\Debug\link.2016.write.1.tlog
C:\Derp\SubmitFractal\CLPlayground\CLPlayground\Debug\link.2016-cvtres.read.1.tlog
C:\Derp\SubmitFractal\CLPlayground\CLPlayground\Debug\link.2016-cvtres.write.1.tlog
C:\Derp\SubmitFractal\CLPlayground\CLPlayground\Debug\link.2216.read.1.tlog
C:\Derp\SubmitFractal\CLPlayground\CLPlayground\Debug\link.2216.write.1.tlog
C:\Derp\SubmitFractal\CLPlayground\CLPlayground\Debug\link.2216-cvtres.read.1.tlog
C:\Derp\SubmitFractal\CLPlayground\CLPlayground\Debug\link.2216-cvtres.write.1.tlog
C:\Derp\SubmitFractal\CLPlayground\CLPlayground\Debug\link.2304.read.1.tlog
C:\Derp\SubmitFractal\CLPlayground\CLPlayground\Debug\link.2304.write.1.tlog
C:\Derp\SubmitFractal\CLPlayground\CLPlayground\Debug\link.2304-cvtres.read.1.tlog
C:\Derp\SubmitFractal\CLPlayground\CLPlayground\Debug\link.2304-cvtres.write.1.tlog
C:\Derp\SubmitFractal\CLPlayground\CLPlayground\Debug\link.2492.read.1.tlog
C:\Derp\SubmitFractal\CLPlayground\CLPlayground\Debug\link.2492.read.2.tlog
C:\Derp\SubmitFractal\CLPlayground\CLPlayground\Debug\link.2492.write.1.tlog
C:\Derp\SubmitFractal\CLPlayground\CLPlayground\Debug\link.2492-cvtres.read.1.tlog
C:\Derp\SubmitFractal\CLPlayground\CLPlayground\Debug\link.2492-cvtres.write.1.tlog
C:\Derp\SubmitFractal\CLPlayground\CLPlayground\Debug\link.2572.read.1.tlog
C:\Derp\SubmitFractal\CLPlayground\CLPlayground\Debug\link.2572.write.1.tlog
C:\Derp\SubmitFractal\CLPlayground\CLPlayground\Debug\link.2572-cvtres.read.1.tlog
C:\Derp\SubmitFractal\CLPlayground\CLPlayground\Debug\link.2572-cvtres.write.1.tlog
C:\Derp\SubmitFractal\CLPlayground\CLPlayground\Debug\link.2704.read.1.tlog
C:\Derp\SubmitFractal\CLPlayground\CLPlayground\Debug\link.2704.write.1.tlog
C:\Derp\SubmitFractal\CLPlayground\CLPlayground\Debug\link.2704-cvtres.read.1.tlog
C:\Derp\SubmitFractal\CLPlayground\CLPlayground\Debug\link.2704-cvtres.write.1.tlog
C:\Derp\SubmitFractal\CLPlayground\CLPlayground\Debug\link.2728.read.1.tlog
C:\Derp\SubmitFractal\CLPlayground\CLPlayground\Debug\link.2728.write.1.tlog
C:\Derp\SubmitFractal\CLPlayground\CLPlayground\Debug\link.2728-cvtres.read.1.tlog
C:\Derp\SubmitFractal\CLPlayground\CLPlayground\Debug\link.2728-cvtres.write.1.tlog
C:\Derp\SubmitFractal\CLPlayground\CLPlayground\Debug\link.3088.read.1.tlog
C:\Derp\SubmitFractal\CLPlayground\CLPlayground\Debug\link.3088.read.2.tlog
C:\Derp\SubmitFractal\CLPlayground\CLPlayground\Debug\link.3088.write.1.tlog
C:\Derp\SubmitFractal\CLPlayground\CLPlayground\Debug\link.3088-cvtres.read.1.tlog
C:\Derp\SubmitFractal\CLPlayground\CLPlayground\Debug\link.3088-cvtres.write.1.tlog
C:\Derp\SubmitFractal\CLPlayground\CLPlayground\Debug\link.3092.read.1.tlog
C:\Derp\SubmitFractal\CLPlayground\CLPlayground\Debug\link.3092.read.2.tlog
C:\Derp\SubmitFractal\CLPlayground\CLPlayground\Debug\link.3092.write.1.tlog
C:\Derp\SubmitFractal\CLPlayground\CLPlayground\Debug\link.3092-cvtres.read.1.tlog
C:\Derp\SubmitFractal\CLPlayground\CLPlayground\Debug\link.3092-cvtres.write.1.tlog
C:\Derp\SubmitFractal\CLPlayground\CLPlayground\Debug\link.3096.read.1.tlog
C:\Derp\SubmitFractal\CLPlayground\CLPlayground\Debug\link.3096.read.2.tlog
C:\Derp\SubmitFractal\CLPlayground\CLPlayground\Debug\link.3096.write.1.tlog
C:\Derp\SubmitFractal\CLPlayground\CLPlayground\Debug\link.3096-cvtres.read.1.tlog
C:\Derp\SubmitFractal\CLPlayground\CLPlayground\Debug\link.3096-cvtres.write.1.tlog
C:\Derp\SubmitFractal\CLPlayground\CLPlayground\Debug\link.3108.read.1.tlog
C:\Derp\SubmitFractal\CLPlayground\CLPlayground\Debug\link.3108.write.1.tlog
C:\Derp\SubmitFractal\CLPlayground\CLPlayground\Debug\link.3108-cvtres.read.1.tlog
C:\Derp\SubmitFractal\CLPlayground\CLPlayground\Debug\link.3108-cvtres.write.1.tlog
C:\Derp\SubmitFractal\CLPlayground\CLPlayground\Debug\link.3196.read.1.tlog
C:\Derp\SubmitFractal\CLPlayground\CLPlayground\Debug\link.3196.write.1.tlog
C:\Derp\SubmitFractal\CLPlayground\CLPlayground\Debug\link.3196-cvtres.read.1.tlog
C:\Derp\SubmitFractal\CLPlayground\CLPlayground\Debug\link.3196-cvtres.write.1.tlog
C:\Derp\SubmitFractal\CLPlayground\CLPlayground\Debug\link.3240.read.1.tlog
C:\Derp\SubmitFractal\CLPlayground\CLPlayground\Debug\link.3240.write.1.tlog
C:\Derp\SubmitFractal\CLPlayground\CLPlayground\Debug\link.3240-cvtres.read.1.tlog
C:\Derp\SubmitFractal\CLPlayground\CLPlayground\Debug\link.3240-cvtres.write.1.tlog
C:\Derp\SubmitFractal\CLPlayground\CLPlayground\Debug\link.3300.read.1.tlog
C:\Derp\SubmitFractal\CLPlayground\CLPlayground\Debug\link.3300.write.1.tlog
C:\Derp\SubmitFractal\CLPlayground\CLPlayground\Debug\link.3300-cvtres.read.1.tlog
C:\Derp\SubmitFractal\CLPlayground\CLPlayground\Debug\link.3300-cvtres.write.1.tlog
C:\Derp\SubmitFractal\CLPlayground\CLPlayground\Debug\link.3372.read.1.tlog
C:\Derp\SubmitFractal\CLPlayground\CLPlayground\Debug\link.3372.read.2.tlog
C:\Derp\SubmitFractal\CLPlayground\CLPlayground\Debug\link.3372.write.1.tlog
C:\Derp\SubmitFractal\CLPlayground\CLPlayground\Debug\link.3372-cvtres.read.1.tlog
C:\Derp\SubmitFractal\CLPlayground\CLPlayground\Debug\link.3372-cvtres.write.1.tlog
C:\Derp\SubmitFractal\CLPlayground\CLPlayground\Debug\link.3380.read.1.tlog
C:\Derp\SubmitFractal\CLPlayground\CLPlayground\Debug\link.3380.write.1.tlog
C:\Derp\SubmitFractal\CLPlayground\CLPlayground\Debug\link.3380-cvtres.read.1.tlog
C:\Derp\SubmitFractal\CLPlayground\CLPlayground\Debug\link.3380-cvtres.write.1.tlog
C:\Derp\SubmitFractal\CLPlayground\CLPlayground\Debug\link.3400.read.1.tlog
C:\Derp\SubmitFractal\CLPlayground\CLPlayground\Debug\link.3400.write.1.tlog
C:\Derp\SubmitFractal\CLPlayground\CLPlayground\Debug\link.3400-cvtres.read.1.tlog
C:\Derp\SubmitFractal\CLPlayground\CLPlayground\Debug\link.3400-cvtres.write.1.tlog
C:\Derp\SubmitFractal\CLPlayground\CLPlayground\Debug\link.3416.read.1.tlog
C:\Derp\SubmitFractal\CLPlayground\CLPlayground\Debug\link.3416.read.2.tlog
C:\Derp\SubmitFractal\CLPlayground\CLPlayground\Debug\link.3416.write.1.tlog
C:\Derp\SubmitFractal\CLPlayground\CLPlayground\Debug\link.3416-cvtres.read.1.tlog
C:\Derp\SubmitFractal\CLPlayground\CLPlayground\Debug\link.3416-cvtres.write.1.tlog
C:\Derp\SubmitFractal\CLPlayground\CLPlayground\Debug\link.3564.read.1.tlog
C:\Derp\SubmitFractal\CLPlayground\CLPlayground\Debug\link.3564.write.1.tlog
C:\Derp\SubmitFractal\CLPlayground\CLPlayground\Debug\link.3564-cvtres.read.1.tlog
C:\Derp\SubmitFractal\CLPlayground\CLPlayground\Debug\link.3564-cvtres.write.1.tlog
C:\Derp\SubmitFractal\CLPlayground\CLPlayground\Debug\link.3576.read.1.tlog
C:\Derp\SubmitFractal\CLPlayground\CLPlayground\Debug\link.3576.write.1.tlog
C:\Derp\SubmitFractal\CLPlayground\CLPlayground\Debug\link.3576-cvtres.read.1.tlog
C:\Derp\SubmitFractal\CLPlayground\CLPlayground\Debug\link.3576-cvtres.write.1.tlog
C:\Derp\SubmitFractal\CLPlayground\CLPlayground\Debug\link.3592.read.1.tlog
C:\Derp\SubmitFractal\CLPlayground\CLPlayground\Debug\link.3592.write.1.tlog
C:\Derp\SubmitFractal\CLPlayground\CLPlayground\Debug\link.3592-cvtres.read.1.tlog
C:\Derp\SubmitFractal\CLPlayground\CLPlayground\Debug\link.3592-cvtres.write.1.tlog
C:\Derp\SubmitFractal\CLPlayground\CLPlayground\Debug\link.3600.read.1.tlog
C:\Derp\SubmitFractal\CLPlayground\CLPlayground\Debug\link.3600.read.2.tlog
C:\Derp\SubmitFractal\CLPlayground\CLPlayground\Debug\link.3600.write.1.tlog
C:\Derp\SubmitFractal\CLPlayground\CLPlayground\Debug\link.3600-cvtres.read.1.tlog
C:\Derp\SubmitFractal\CLPlayground\CLPlayground\Debug\link.3600-cvtres.write.1.tlog
C:\Derp\SubmitFractal\CLPlayground\CLPlayground\Debug\link.3700.read.1.tlog
C:\Derp\SubmitFractal\CLPlayground\CLPlayground\Debug\link.3700.read.2.tlog
C:\Derp\SubmitFractal\CLPlayground\CLPlayground\Debug\link.3700.write.1.tlog
C:\Derp\SubmitFractal\CLPlayground\CLPlayground\Debug\link.3700-cvtres.read.1.tlog
C:\Derp\SubmitFractal\CLPlayground\CLPlayground\Debug\link.3700-cvtres.write.1.tlog
C:\Derp\SubmitFractal\CLPlayground\CLPlayground\Debug\link.3724.read.1.tlog
C:\Derp\SubmitFractal\CLPlayground\CLPlayground\Debug\link.3724.read.2.tlog
C:\Derp\SubmitFractal\CLPlayground\CLPlayground\Debug\link.3724.write.1.tlog
C:\Derp\SubmitFractal\CLPlayground\CLPlayground\Debug\link.3724-cvtres.read.1.tlog
C:\Derp\SubmitFractal\CLPlayground\CLPlayground\Debug\link.3724-cvtres.write.1.tlog
C:\Derp\SubmitFractal\CLPlayground\CLPlayground\Debug\link.3756.read.1.tlog
C:\Derp\SubmitFractal\CLPlayground\CLPlayground\Debug\link.3756.write.1.tlog
C:\Derp\SubmitFractal\CLPlayground\CLPlayground\Debug\link.3756-cvtres.read.1.tlog
C:\Derp\SubmitFractal\CLPlayground\CLPlayground\Debug\link.3756-cvtres.write.1.tlog
C:\Derp\SubmitFractal\CLPlayground\CLPlayground\Debug\link.3904.read.1.tlog
C:\Derp\SubmitFractal\CLPlayground\CLPlayground\Debug\link.3904.write.1.tlog
C:\Derp\SubmitFractal\CLPlayground\CLPlayground\Debug\link.3904-cvtres.read.1.tlog
C:\Derp\SubmitFractal\CLPlayground\CLPlayground\Debug\link.3904-cvtres.write.1.tlog
C:\Derp\SubmitFractal\CLPlayground\CLPlayground\Debug\link.4112.read.1.tlog
C:\Derp\SubmitFractal\CLPlayground\CLPlayground\Debug\link.4112.write.1.tlog
C:\Derp\SubmitFractal\CLPlayground\CLPlayground\Debug\link.4112-cvtres.read.1.tlog
C:\Derp\SubmitFractal\CLPlayground\CLPlayground\Debug\link.4112-cvtres.write.1.tlog
C:\Derp\SubmitFractal\CLPlayground\CLPlayground\Debug\link.4124.read.1.tlog
C:\Derp\SubmitFractal\CLPlayground\CLPlayground\Debug\link.4124.write.1.tlog
C:\Derp\SubmitFractal\CLPlayground\CLPlayground\Debug\link.4124-cvtres.read.1.tlog
C:\Derp\SubmitFractal\CLPlayground\CLPlayground\Debug\link.4124-cvtres.write.1.tlog
C:\Derp\SubmitFractal\CLPlayground\CLPlayground\Debug\link.4140.read.1.tlog
C:\Derp\SubmitFractal\CLPlayground\CLPlayground\Debug\link.4140.read.2.tlog
C:\Derp\SubmitFractal\CLPlayground\CLPlayground\Debug\link.4140.write.1.tlog
C:\Derp\SubmitFractal\CLPlayground\CLPlayground\Debug\link.4140-cvtres.read.1.tlog
C:\Derp\SubmitFractal\CLPlayground\CLPlayground\Debug\link.4140-cvtres.write.1.tlog
C:\Derp\SubmitFractal\CLPlayground\CLPlayground\Debug\link.4276.read.1.tlog
C:\Derp\SubmitFractal\CLPlayground\CLPlayground\Debug\link.4276.write.1.tlog
C:\Derp\SubmitFractal\CLPlayground\CLPlayground\Debug\link.4276-cvtres.read.1.tlog
C:\Derp\SubmitFractal\CLPlayground\CLPlayground\Debug\link.4276-cvtres.write.1.tlog
C:\Derp\SubmitFractal\CLPlayground\CLPlayground\Debug\link.4404.read.1.tlog
C:\Derp\SubmitFractal\CLPlayground\CLPlayground\Debug\link.4404.write.1.tlog
C:\Derp\SubmitFractal\CLPlayground\CLPlayground\Debug\link.4404-cvtres.read.1.tlog
C:\Derp\SubmitFractal\CLPlayground\CLPlayground\Debug\link.4404-cvtres.write.1.tlog
C:\Derp\SubmitFractal\CLPlayground\CLPlayground\Debug\link.4536.read.1.tlog
C:\Derp\SubmitFractal\CLPlayground\CLPlayground\Debug\link.4536.read.2.tlog
C:\Derp\SubmitFractal\CLPlayground\CLPlayground\Debug\link.4536.write.1.tlog
C:\Derp\SubmitFractal\CLPlayground\CLPlayground\Debug\link.4536-cvtres.read.1.tlog
C:\Derp\SubmitFractal\CLPlayground\CLPlayground\Debug\link.4536-cvtres.write.1.tlog
C:\Derp\SubmitFractal\CLPlayground\CLPlayground\Debug\link.4636.read.1.tlog
C:\Derp\SubmitFractal\CLPlayground\CLPlayground\Debug\link.4636.read.2.tlog
C:\Derp\SubmitFractal\CLPlayground\CLPlayground\Debug\link.4636.write.1.tlog
C:\Derp\SubmitFractal\CLPlayground\CLPlayground\Debug\link.4636-cvtres.read.1.tlog
C:\Derp\SubmitFractal\CLPlayground\CLPlayground\Debug\link.4636-cvtres.write.1.tlog
C:\Derp\SubmitFractal\CLPlayground\CLPlayground\Debug\link.4856.read.1.tlog
C:\Derp\SubmitFractal\CLPlayground\CLPlayground\Debug\link.4856.write.1.tlog
C:\Derp\SubmitFractal\CLPlayground\CLPlayground\Debug\link.4856-cvtres.read.1.tlog
C:\Derp\SubmitFractal\CLPlayground\CLPlayground\Debug\link.4856-cvtres.write.1.tlog
C:\Derp\SubmitFractal\CLPlayground\CLPlayground\Debug\link.4916.read.1.tlog
C:\Derp\SubmitFractal\CLPlayground\CLPlayground\Debug\link.4916.write.1.tlog
C:\Derp\SubmitFractal\CLPlayground\CLPlayground\Debug\link.4916-cvtres.read.1.tlog
C:\Derp\SubmitFractal\CLPlayground\CLPlayground\Debug\link.4916-cvtres.write.1.tlog
C:\Derp\SubmitFractal\CLPlayground\CLPlayground\Debug\link.4932.read.1.tlog
C:\Derp\SubmitFractal\CLPlayground\CLPlayground\Debug\link.4932.read.2.tlog
C:\Derp\SubmitFractal\CLPlayground\CLPlayground\Debug\link.4932.write.1.tlog
C:\Derp\SubmitFractal\CLPlayground\CLPlayground\Debug\link.4932-cvtres.read.1.tlog
C:\Derp\SubmitFractal\CLPlayground\CLPlayground\Debug\link.4932-cvtres.write.1.tlog
C:\Derp\SubmitFractal\CLPlayground\CLPlayground\Debug\link.4976.read.1.tlog
C:\Derp\SubmitFractal\CLPlayground\CLPlayground\Debug\link.4976.write.1.tlog
C:\Derp\SubmitFractal\CLPlayground\CLPlayground\Debug\link.4976-cvtres.read.1.tlog
C:\Derp\SubmitFractal\CLPlayground\CLPlayground\Debug\link.4976-cvtres.write.1.tlog
C:\Derp\SubmitFractal\CLPlayground\CLPlayground\Debug\link.5016.read.1.tlog
C:\Derp\SubmitFractal\CLPlayground\CLPlayground\Debug\link.5016.write.1.tlog
C:\Derp\SubmitFractal\CLPlayground\CLPlayground\Debug\link.5016-cvtres.read.1.tlog
C:\Derp\SubmitFractal\CLPlayground\CLPlayground\Debug\link.5016-cvtres.write.1.tlog
C:\Derp\SubmitFractal\CLPlayground\CLPlayground\Debug\link.5180.read.1.tlog
C:\Derp\SubmitFractal\CLPlayground\CLPlayground\Debug\link.5180.write.1.tlog
C:\Derp\SubmitFractal\CLPlayground\CLPlayground\Debug\link.5180-cvtres.read.1.tlog
C:\Derp\SubmitFractal\CLPlayground\CLPlayground\Debug\link.5180-cvtres.write.1.tlog
C:\Derp\SubmitFractal\CLPlayground\CLPlayground\Debug\link.5336.read.1.tlog
C:\Derp\SubmitFractal\CLPlayground\CLPlayground\Debug\link.5336.read.2.tlog
C:\Derp\SubmitFractal\CLPlayground\CLPlayground\Debug\link.5336.write.1.tlog
C:\Derp\SubmitFractal\CLPlayground\CLPlayground\Debug\link.5336-cvtres.read.1.tlog
C:\Derp\SubmitFractal\CLPlayground\CLPlayground\Debug\link.5336-cvtres.write.1.tlog
C:\Derp\SubmitFractal\CLPlayground\CLPlayground\Debug\link.5424.read.1.tlog
C:\Derp\SubmitFractal\CLPlayground\CLPlayground\Debug\link.5424.read.2.tlog
C:\Derp\SubmitFractal\CLPlayground\CLPlayground\Debug\link.5424.write.1.tlog
C:\Derp\SubmitFractal\CLPlayground\CLPlayground\Debug\link.5424-cvtres.read.1.tlog
C:\Derp\SubmitFractal\CLPlayground\CLPlayground\Debug\link.5424-cvtres.write.1.tlog
C:\Derp\SubmitFractal\CLPlayground\CLPlayground\Debug\link.5508.read.1.tlog
C:\Derp\SubmitFractal\CLPlayground\CLPlayground\Debug\link.5508.read.2.tlog
C:\Derp\SubmitFractal\CLPlayground\CLPlayground\Debug\link.5508.write.1.tlog
C:\Derp\SubmitFractal\CLPlayground\CLPlayground\Debug\link.5508-cvtres.read.1.tlog
C:\Derp\SubmitFractal\CLPlayground\CLPlayground\Debug\link.5508-cvtres.write.1.tlog
C:\Derp\SubmitFractal\CLPlayground\CLPlayground\Debug\link.5516.read.1.tlog
C:\Derp\SubmitFractal\CLPlayground\CLPlayground\Debug\link.5516.read.2.tlog
C:\Derp\SubmitFractal\CLPlayground\CLPlayground\Debug\link.5516.write.1.tlog
C:\Derp\SubmitFractal\CLPlayground\CLPlayground\Debug\link.5516-cvtres.read.1.tlog
C:\Derp\SubmitFractal\CLPlayground\CLPlayground\Debug\link.5516-cvtres.write.1.tlog
C:\Derp\SubmitFractal\CLPlayground\CLPlayground\Debug\link.5540.read.1.tlog
C:\Derp\SubmitFractal\CLPlayground\CLPlayground\Debug\link.5540.read.2.tlog
C:\Derp\SubmitFractal\CLPlayground\CLPlayground\Debug\link.5540.write.1.tlog
C:\Derp\SubmitFractal\CLPlayground\CLPlayground\Debug\link.5540-cvtres.read.1.tlog
C:\Derp\SubmitFractal\CLPlayground\CLPlayground\Debug\link.5540-cvtres.write.1.tlog
C:\Derp\SubmitFractal\CLPlayground\CLPlayground\Debug\link.5544.read.1.tlog
C:\Derp\SubmitFractal\CLPlayground\CLPlayground\Debug\link.5544.write.1.tlog
C:\Derp\SubmitFractal\CLPlayground\CLPlayground\Debug\link.5544-cvtres.read.1.tlog
C:\Derp\SubmitFractal\CLPlayground\CLPlayground\Debug\link.5544-cvtres.write.1.tlog
C:\Derp\SubmitFractal\CLPlayground\CLPlayground\Debug\link.5584.read.1.tlog
C:\Derp\SubmitFractal\CLPlayground\CLPlayground\Debug\link.5584.read.2.tlog
C:\Derp\SubmitFractal\CLPlayground\CLPlayground\Debug\link.5584.write.1.tlog
C:\Derp\SubmitFractal\CLPlayground\CLPlayground\Debug\link.5584-cvtres.read.1.tlog
C:\Derp\SubmitFractal\CLPlayground\CLPlayground\Debug\link.5584-cvtres.write.1.tlog
C:\Derp\SubmitFractal\CLPlayground\CLPlayground\Debug\link.5640.read.1.tlog
C:\Derp\SubmitFractal\CLPlayground\CLPlayground\Debug\link.5640.write.1.tlog
C:\Derp\SubmitFractal\CLPlayground\CLPlayground\Debug\link.5640-cvtres.read.1.tlog
C:\Derp\SubmitFractal\CLPlayground\CLPlayground\Debug\link.5640-cvtres.write.1.tlog
C:\Derp\SubmitFractal\CLPlayground\CLPlayground\Debug\link.5728.read.1.tlog
C:\Derp\SubmitFractal\CLPlayground\CLPlayground\Debug\link.5728.write.1.tlog
C:\Derp\SubmitFractal\CLPlayground\CLPlayground\Debug\link.5728-cvtres.read.1.tlog
C:\Derp\SubmitFractal\CLPlayground\CLPlayground\Debug\link.5728-cvtres.write.1.tlog
C:\Derp\SubmitFractal\CLPlayground\CLPlayground\Debug\link.5760.read.1.tlog
C:\Derp\SubmitFractal\CLPlayground\CLPlayground\Debug\link.5760.write.1.tlog
C:\Derp\SubmitFractal\CLPlayground\CLPlayground\Debug\link.5760-cvtres.read.1.tlog
C:\Derp\SubmitFractal\CLPlayground\CLPlayground\Debug\link.5760-cvtres.write.1.tlog
C:\Derp\SubmitFractal\CLPlayground\CLPlayground\Debug\link.5936.read.1.tlog
C:\Derp\SubmitFractal\CLPlayground\CLPlayground\Debug\link.5936.write.1.tlog
C:\Derp\SubmitFractal\CLPlayground\CLPlayground\Debug\link.5936-cvtres.read.1.tlog
C:\Derp\SubmitFractal\CLPlayground\CLPlayground\Debug\link.5936-cvtres.write.1.tlog
C:\Derp\SubmitFractal\CLPlayground\CLPlayground\Debug\link.5944.read.1.tlog
C:\Derp\SubmitFractal\CLPlayground\CLPlayground\Debug\link.5944.write.1.tlog
C:\Derp\SubmitFractal\CLPlayground\CLPlayground\Debug\link.5944-cvtres.read.1.tlog
C:\Derp\SubmitFractal\CLPlayground\CLPlayground\Debug\link.5944-cvtres.write.1.tlog
C:\Derp\SubmitFractal\CLPlayground\CLPlayground\Debug\link.5960.read.1.tlog
C:\Derp\SubmitFractal\CLPlayground\CLPlayground\Debug\link.5960.write.1.tlog
C:\Derp\SubmitFractal\CLPlayground\CLPlayground\Debug\link.5960-cvtres.read.1.tlog
C:\Derp\SubmitFractal\CLPlayground\CLPlayground\Debug\link.5960-cvtres.write.1.tlog
C:\Derp\SubmitFractal\CLPlayground\CLPlayground\Debug\link.5964.read.1.tlog
C:\Derp\SubmitFractal\CLPlayground\CLPlayground\Debug\link.5964.read.2.tlog
C:\Derp\SubmitFractal\CLPlayground\CLPlayground\Debug\link.5964.write.1.tlog
C:\Derp\SubmitFractal\CLPlayground\CLPlayground\Debug\link.5964-cvtres.read.1.tlog
C:\Derp\SubmitFractal\CLPlayground\CLPlayground\Debug\link.5964-cvtres.write.1.tlog
C:\Derp\SubmitFractal\CLPlayground\CLPlayground\Debug\link.6000.read.1.tlog
C:\Derp\SubmitFractal\CLPlayground\CLPlayground\Debug\link.6000.write.1.tlog
C:\Derp\SubmitFractal\CLPlayground\CLPlayground\Debug\link.6000-cvtres.read.1.tlog
C:\Derp\SubmitFractal\CLPlayground\CLPlayground\Debug\link.6000-cvtres.write.1.tlog
C:\Derp\SubmitFractal\CLPlayground\CLPlayground\Debug\link.6056.read.1.tlog
C:\Derp\SubmitFractal\CLPlayground\CLPlayground\Debug\link.6056.read.2.tlog
C:\Derp\SubmitFractal\CLPlayground\CLPlayground\Debug\link.6056.write.1.tlog
C:\Derp\SubmitFractal\CLPlayground\CLPlayground\Debug\link.6056-cvtres.read.1.tlog
C:\Derp\SubmitFractal\CLPlayground\CLPlayground\Debug\link.6056-cvtres.write.1.tlog
C:\Derp\SubmitFractal\CLPlayground\CLPlayground\Debug\link.6140.read.1.tlog
C:\Derp\SubmitFractal\CLPlayground\CLPlayground\Debug\link.6140.read.2.tlog
C:\Derp\SubmitFractal\CLPlayground\CLPlayground\Debug\link.6140.write.1.tlog
C:\Derp\SubmitFractal\CLPlayground\CLPlayground\Debug\link.6140-cvtres.read.1.tlog
C:\Derp\SubmitFractal\CLPlayground\CLPlayground\Debug\link.6140-cvtres.write.1.tlog
C:\Derp\SubmitFractal\CLPlayground\CLPlayground\Debug\link.6324.read.1.tlog
C:\Derp\SubmitFractal\CLPlayground\CLPlayground\Debug\link.6324.write.1.tlog
C:\Derp\SubmitFractal\CLPlayground\CLPlayground\Debug\link.6324-cvtres.read.1.tlog
C:\Derp\SubmitFractal\CLPlayground\CLPlayground\Debug\link.6324-cvtres.write.1.tlog
C:\Derp\SubmitFractal\CLPlayground\CLPlayground\Debug\link.6380.read.1.tlog
C:\Derp\SubmitFractal\CLPlayground\CLPlayground\Debug\link.6380.write.1.tlog
C:\Derp\SubmitFractal\CLPlayground\CLPlayground\Debug\link.6380-cvtres.read.1.tlog
C:\Derp\SubmitFractal\CLPlayground\CLPlayground\Debug\link.6380-cvtres.write.1.tlog
C:\Derp\SubmitFractal\CLPlayground\CLPlayground\Debug\link.6412.read.1.tlog
C:\Derp\SubmitFractal\CLPlayground\CLPlayground\Debug\link.6412.write.1.tlog
C:\Derp\SubmitFractal\CLPlayground\CLPlayground\Debug\link.6412-cvtres.read.1.tlog
C:\Derp\SubmitFractal\CLPlayground\CLPlayground\Debug\link.6412-cvtres.write.1.tlog
C:\Derp\SubmitFractal\CLPlayground\CLPlayground\Debug\link.644.read.1.tlog
C:\Derp\SubmitFractal\CLPlayground\CLPlayground\Debug\link.644.write.1.tlog
C:\Derp\SubmitFractal\CLPlayground\CLPlayground\Debug\link.644-cvtres.read.1.tlog
C:\Derp\SubmitFractal\CLPlayground\CLPlayground\Debug\link.644-cvtres.write.1.tlog
C:\Derp\SubmitFractal\CLPlayground\CLPlayground\Debug\link.6520.read.1.tlog
C:\Derp\SubmitFractal\CLPlayground\CLPlayground\Debug\link.6520.write.1.tlog
C:\Derp\SubmitFractal\CLPlayground\CLPlayground\Debug\link.6520-cvtres.read.1.tlog
C:\Derp\SubmitFractal\CLPlayground\CLPlayground\Debug\link.6520-cvtres.write.1.tlog
C:\Derp\SubmitFractal\CLPlayground\CLPlayground\Debug\link.6664.read.1.tlog
C:\Derp\SubmitFractal\CLPlayground\CLPlayground\Debug\link.6664.write.1.tlog
C:\Derp\SubmitFractal\CLPlayground\CLPlayground\Debug\link.6664-cvtres.read.1.tlog
C:\Derp\SubmitFractal\CLPlayground\CLPlayground\Debug\link.6664-cvtres.write.1.tlog
C:\Derp\SubmitFractal\CLPlayground\CLPlayground\Debug\link.6708.read.1.tlog
C:\Derp\SubmitFractal\CLPlayground\CLPlayground\Debug\link.6708.read.2.tlog
C:\Derp\SubmitFractal\CLPlayground\CLPlayground\Debug\link.6708.write.1.tlog
C:\Derp\SubmitFractal\CLPlayground\CLPlayground\Debug\link.6708-cvtres.read.1.tlog
C:\Derp\SubmitFractal\CLPlayground\CLPlayground\Debug\link.6708-cvtres.write.1.tlog
C:\Derp\SubmitFractal\CLPlayground\CLPlayground\Debug\link.6960.read.1.tlog
C:\Derp\SubmitFractal\CLPlayground\CLPlayground\Debug\link.6960.write.1.tlog
C:\Derp\SubmitFractal\CLPlayground\CLPlayground\Debug\link.6960-cvtres.read.1.tlog
C:\Derp\SubmitFractal\CLPlayground\CLPlayground\Debug\link.6960-cvtres.write.1.tlog
C:\Derp\SubmitFractal\CLPlayground\CLPlayground\Debug\link.7180.read.1.tlog
C:\Derp\SubmitFractal\CLPlayground\CLPlayground\Debug\link.7180.write.1.tlog
C:\Derp\SubmitFractal\CLPlayground\CLPlayground\Debug\link.7180-cvtres.read.1.tlog
C:\Derp\SubmitFractal\CLPlayground\CLPlayground\Debug\link.7180-cvtres.write.1.tlog
C:\Derp\SubmitFractal\CLPlayground\CLPlayground\Debug\link.7232.read.1.tlog
C:\Derp\SubmitFractal\CLPlayground\CLPlayground\Debug\link.7232.write.1.tlog
C:\Derp\SubmitFractal\CLPlayground\CLPlayground\Debug\link.7232-cvtres.read.1.tlog
C:\Derp\SubmitFractal\CLPlayground\CLPlayground\Debug\link.7232-cvtres.write.1.tlog
C:\Derp\SubmitFractal\CLPlayground\CLPlayground\Debug\link.7352.read.1.tlog
C:\Derp\SubmitFractal\CLPlayground\CLPlayground\Debug\link.7352.write.1.tlog
C:\Derp\SubmitFractal\CLPlayground\CLPlayground\Debug\link.7352-cvtres.read.1.tlog
C:\Derp\SubmitFractal\CLPlayground\CLPlayground\Debug\link.7352-cvtres.write.1.tlog
C:\Derp\SubmitFractal\CLPlayground\CLPlayground\Debug\link.7376.read.1.tlog
C:\Derp\SubmitFractal\CLPlayground\CLPlayground\Debug\link.7376.write.1.tlog
C:\Derp\SubmitFractal\CLPlayground\CLPlayground\Debug\link.7376-cvtres.read.1.tlog
C:\Derp\SubmitFractal\CLPlayground\CLPlayground\Debug\link.7376-cvtres.write.1.tlog
C:\Derp\SubmitFractal\CLPlayground\CLPlayground\Debug\link.7412.read.1.tlog
C:\Derp\SubmitFractal\CLPlayground\CLPlayground\Debug\link.7412.write.1.tlog
C:\Derp\SubmitFractal\CLPlayground\CLPlayground\Debug\link.7412-cvtres.read.1.tlog
C:\Derp\SubmitFractal\CLPlayground\CLPlayground\Debug\link.7412-cvtres.write.1.tlog
C:\Derp\SubmitFractal\CLPlayground\CLPlayground\Debug\link.7616.read.1.tlog
C:\Derp\SubmitFractal\CLPlayground\CLPlayground\Debug\link.7616.write.1.tlog
C:\Derp\SubmitFractal\CLPlayground\CLPlayground\Debug\link.7616-cvtres.read.1.tlog
C:\Derp\SubmitFractal\CLPlayground\CLPlayground\Debug\link.7616-cvtres.write.1.tlog
C:\Derp\SubmitFractal\CLPlayground\CLPlayground\Debug\link.7732.read.1.tlog
C:\Derp\SubmitFractal\CLPlayground\CLPlayground\Debug\link.7732.write.1.tlog
C:\Derp\SubmitFractal\CLPlayground\CLPlayground\Debug\link.7732-cvtres.read.1.tlog
C:\Derp\SubmitFractal\CLPlayground\CLPlayground\Debug\link.7732-cvtres.write.1.tlog
C:\Derp\SubmitFractal\CLPlayground\CLPlayground\Debug\link.7808.read.1.tlog
C:\Derp\SubmitFractal\CLPlayground\CLPlayground\Debug\link.7808.write.1.tlog
C:\Derp\SubmitFractal\CLPlayground\CLPlayground\Debug\link.7808-cvtres.read.1.tlog
C:\Derp\SubmitFractal\CLPlayground\CLPlayground\Debug\link.7808-cvtres.write.1.tlog
C:\Derp\SubmitFractal\CLPlayground\CLPlayground\Debug\link.7816.read.1.tlog
C:\Derp\SubmitFractal\CLPlayground\CLPlayground\Debug\link.7816.write.1.tlog
C:\Derp\SubmitFractal\CLPlayground\CLPlayground\Debug\link.7816-cvtres.read.1.tlog
C:\Derp\SubmitFractal\CLPlayground\CLPlayground\Debug\link.7816-cvtres.write.1.tlog
C:\Derp\SubmitFractal\CLPlayground\CLPlayground\Debug\link.7840.read.1.tlog
C:\Derp\SubmitFractal\CLPlayground\CLPlayground\Debug\link.7840.write.1.tlog
C:\Derp\SubmitFractal\CLPlayground\CLPlayground\Debug\link.7840-cvtres.read.1.tlog
C:\Derp\SubmitFractal\CLPlayground\CLPlayground\Debug\link.7840-cvtres.write.1.tlog
C:\Derp\SubmitFractal\CLPlayground\CLPlayground\Debug\link.7856.read.1.tlog
C:\Derp\SubmitFractal\CLPlayground\CLPlayground\Debug\link.7856.write.1.tlog
C:\Derp\SubmitFractal\CLPlayground\CLPlayground\Debug\link.7856-cvtres.read.1.tlog
C:\Derp\SubmitFractal\CLPlayground\CLPlayground\Debug\link.7856-cvtres.write.1.tlog
C:\Derp\SubmitFractal\CLPlayground\CLPlayground\Debug\link.7944.read.1.tlog
C:\Derp\SubmitFractal\CLPlayground\CLPlayground\Debug\link.7944.write.1.tlog
C:\Derp\SubmitFractal\CLPlayground\CLPlayground\Debug\link.7944-cvtres.read.1.tlog
C:\Derp\SubmitFractal\CLPlayground\CLPlayground\Debug\link.7944-cvtres.write.1.tlog
C:\Derp\SubmitFractal\CLPlayground\CLPlayground\Debug\link.7992.read.1.tlog
C:\Derp\SubmitFractal\CLPlayground\CLPlayground\Debug\link.7992.write.1.tlog
C:\Derp\SubmitFractal\CLPlayground\CLPlayground\Debug\link.7992-cvtres.read.1.tlog
C:\Derp\SubmitFractal\CLPlayground\CLPlayground\Debug\link.7992-cvtres.write.1.tlog
C:\Derp\SubmitFractal\CLPlayground\CLPlayground\Debug\link.8028.read.1.tlog
C:\Derp\SubmitFractal\CLPlayground\CLPlayground\Debug\link.8028.write.1.tlog
C:\Derp\SubmitFractal\CLPlayground\CLPlayground\Debug\link.8028-cvtres.read.1.tlog
C:\Derp\SubmitFractal\CLPlayground\CLPlayground\Debug\link.8028-cvtres.write.1.tlog
C:\Derp\SubmitFractal\CLPlayground\CLPlayground\Debug\link.8124.read.1.tlog
C:\Derp\SubmitFractal\CLPlayground\CLPlayground\Debug\link.8124.write.1.tlog
C:\Derp\SubmitFractal\CLPlayground\CLPlayground\Debug\link.8124-cvtres.read.1.tlog
C:\Derp\SubmitFractal\CLPlayground\CLPlayground\Debug\link.8124-cvtres.write.1.tlog
C:\Derp\SubmitFractal\CLPlayground\CLPlayground\Debug\link.8188.read.1.tlog
C:\Derp\SubmitFractal\CLPlayground\CLPlayground\Debug\link.8188.write.1.tlog
C:\Derp\SubmitFractal\CLPlayground\CLPlayground\Debug\link.8188-cvtres.read.1.tlog
C:\Derp\SubmitFractal\CLPlayground\CLPlayground\Debug\link.8188-cvtres.write.1.tlog
C:\Derp\SubmitFractal\CLPlayground\CLPlayground\Debug\link.936.read.1.tlog
C:\Derp\SubmitFractal\CLPlayground\CLPlayground\Debug\link.936.write.1.tlog
C:\Derp\SubmitFractal\CLPlayground\CLPlayground\Debug\link.936-cvtres.read.1.tlog
C:\Derp\SubmitFractal\CLPlayground\CLPlayground\Debug\link.936-cvtres.write.1.tlog
C:\Derp\SubmitFractal\CLPlayground\CLPlayground\Debug\link.command.1.tlog
C:\Derp\SubmitFractal\CLPlayground\CLPlayground\Debug\link.read.1.tlog
C:\Derp\SubmitFractal\CLPlayground\CLPlayground\Debug\link.write.1.tlog
C:\Derp\SubmitFractal\CLPlayground\CLPlayground\Debug\link-cvtres.read.1.tlog
C:\Derp\SubmitFractal\CLPlayground\CLPlayground\Debug\link-cvtres.write.1.tlog
C:\Derp\SubmitFractal\CLPlayground\CLPlayground\Debug\main.obj
C:\Derp\SubmitFractal\CLPlayground\CLPlayground\Debug\mt.command.1.tlog
C:\Derp\SubmitFractal\CLPlayground\CLPlayground\Debug\mt.read.1.tlog
C:\Derp\SubmitFractal\CLPlayground\CLPlayground\Debug\mt.write.1.tlog
C:\Derp\SubmitFractal\CLPlayground\CLPlayground\Debug\rc.command.1.tlog
C:\Derp\SubmitFractal\CLPlayground\CLPlayground\Debug\rc.read.1.tlog
C:\Derp\SubmitFractal\CLPlayground\CLPlayground\Debug\rc.write.1.tlog
C:\Derp\SubmitFractal\CLPlayground\CLPlayground\Debug\vc100.idb
C:\Derp\SubmitFractal\CLPlayground\CLPlayground\Debug\vc100.pdb
C:\Derp\SubmitFractal\CLPlayground\Debug\CLPlayground.exe
C:\Derp\SubmitFractal\CLPlayground\Debug\CLPlayground.ilk
C:\Derp\SubmitFractal\CLPlayground\Debug\CLPlayground.pdb
C:\USERS\SCOTT\DROPBOX\PROGRAMMING\CLPLAYGROUND\CLPLAYGROUND\DEBUG\CLPLAYGROUND.EXE.EMBED.MANIFEST.RES
C:\USERS\SCOTT\DROPBOX\PROGRAMMING\CLPLAYGROUND\CLPLAYGROUND\DEBUG\CLPLAYGROUND.EXE.INTERMEDIATE.MANIFEST
C:\USERS\SCOTT\DROPBOX\PROGRAMMING\CLPLAYGROUND\CLPLAYGROUND\DEBUG\MAIN.OBJ
C:\USERS\SCOTT\DROPBOX\PROGRAMMING\CLPLAYGROUND\CLPLAYGROUND\DEBUG\VC100.PDB
C:\USERS\SCOTT\DROPBOX\PROGRAMMING\CLPLAYGROUND\DEBUG\CLPLAYGROUND.EXE
C:\USERS\SCOTT\DROPBOX\PROGRAMMING\CLPLAYGROUND\DEBUG\CLPLAYGROUND.ILK
C:\USERS\SCOTT\DROPBOX\PROGRAMMING\CLPLAYGROUND\DEBUG\CLPLAYGROUND.PDB
C:\USERS\TOCS\BOX\DROPBOX\PROGRAMMING\CLPLAYGROUND\CLPLAYGROUND\DEBUG\CLPLAYGROUND.EXE.EMBED.MANIFEST
C:\USERS\TOCS\BOX\DROPBOX\PROGRAMMING\CLPLAYGROUND\CLPLAYGROUND\DEBUG\CLPLAYGROUND.EXE.EMBED.MANIFEST.RES
C:\USERS\TOCS\BOX\DROPBOX\PROGRAMMING\CLPLAYGROUND\CLPLAYGROUND\DEBUG\CLPLAYGROUND.EXE.INTERMEDIATE.MANIFEST
C:\USERS\TOCS\BOX\DROPBOX\PROGRAMMING\CLPLAYGROUND\CLPLAYGROUND\DEBUG\MAIN.OBJ
C:\USERS\TOCS\BOX\DROPBOX\PROGRAMMING\CLPLAYGROUND\CLPLAYGROUND\DEBUG\VC100.PDB
C:\USERS\TOCS\BOX\DROPBOX\PROGRAMMING\CLPLAYGROUND\DEBUG\CLPLAYGROUND.EXE
C:\USERS\TOCS\BOX\DROPBOX\PROGRAMMING\CLPLAYGROUND\DEBUG\CLPLAYGROUND.ILK
C:\USERS\TOCS\BOX\DROPBOX\PROGRAMMING\CLPLAYGROUND\DEBUG\CLPLAYGROUND.PDB
